  [1m[36m (1.4ms)[0m  [1mCREATE TABLE "schema_migrations" ("version" varchar(255) NOT NULL) [0m
  [1m[35m (1.3ms)[0m  CREATE UNIQUE INDEX "unique_schema_migrations" ON "schema_migrations" ("version")
  [1m[36mActiveRecord::SchemaMigration Load (0.1ms)[0m  [1mSELECT "schema_migrations".* FROM "schema_migrations"[0m
Migrating to CreatePlutusTables (20140213180810)
  [1m[35m (0.1ms)[0m  begin transaction
  [1m[36m (0.6ms)[0m  [1mCREATE TABLE "plutus_accounts" ("id" INTEGER PRIMARY KEY AUTOINCREMENT NOT NULL, "name" varchar(255), "type" varchar(255), "contra" boolean DEFAULT 'f', "tenant_id" integer, "created_at" datetime, "updated_at" datetime) [0m
  [1m[35m (0.2ms)[0m  CREATE INDEX "index_plutus_accounts_on_name_and_type" ON "plutus_accounts" ("name", "type")
  [1m[36m (0.2ms)[0m  [1mCREATE INDEX "index_plutus_accounts_on_tenant_id" ON "plutus_accounts" ("tenant_id")[0m
  [1m[35m (0.2ms)[0m  CREATE TABLE "plutus_transactions" ("id" INTEGER PRIMARY KEY AUTOINCREMENT NOT NULL, "description" varchar(255), "commercial_document_id" integer, "commercial_document_type" varchar(255), "tenant_id" integer, "created_at" datetime, "updated_at" datetime) 
  [1m[36m (0.2ms)[0m  [1mCREATE INDEX "index_transactions_on_commercial_doc" ON "plutus_transactions" ("commercial_document_id", "commercial_document_type")[0m
  [1m[35m (0.2ms)[0m  CREATE INDEX "index_plutus_transactions_on_tenant_id" ON "plutus_transactions" ("tenant_id")
  [1m[36m (0.2ms)[0m  [1mCREATE TABLE "plutus_amounts" ("id" INTEGER PRIMARY KEY AUTOINCREMENT NOT NULL, "type" varchar(255), "account_id" integer, "transaction_id" integer, "amount" decimal(20,10), "tenant_id" integer) [0m
  [1m[35m (0.2ms)[0m  CREATE INDEX "index_plutus_amounts_on_type" ON "plutus_amounts" ("type")
  [1m[36m (0.2ms)[0m  [1mCREATE INDEX "index_plutus_amounts_on_account_id_and_transaction_id" ON "plutus_amounts" ("account_id", "transaction_id")[0m
  [1m[35m (0.2ms)[0m  CREATE INDEX "index_plutus_amounts_on_transaction_id_and_account_id" ON "plutus_amounts" ("transaction_id", "account_id")
  [1m[36m (0.2ms)[0m  [1mCREATE INDEX "index_plutus_amounts_on_tenant_id" ON "plutus_amounts" ("tenant_id")[0m
  [1m[35mSQL (0.3ms)[0m  INSERT INTO "schema_migrations" ("version") VALUES (?)  [["version", "20140213180810"]]
  [1m[36m (1.2ms)[0m  [1mcommit transaction[0m
Migrating to CreateTenants (20140213180905)
  [1m[35m (0.1ms)[0m  begin transaction
  [1m[36m (0.4ms)[0m  [1mCREATE TABLE "tenants" ("id" INTEGER PRIMARY KEY AUTOINCREMENT NOT NULL, "name" varchar(255), "subdomain" varchar(255), "created_at" datetime, "updated_at" datetime) [0m
  [1m[35mSQL (0.2ms)[0m  INSERT INTO "schema_migrations" ("version") VALUES (?)  [["version", "20140213180905"]]
  [1m[36m (1.1ms)[0m  [1mcommit transaction[0m
  [1m[35mActiveRecord::SchemaMigration Load (0.1ms)[0m  SELECT "schema_migrations".* FROM "schema_migrations"


Started GET "/" for 127.0.0.1 at 2014-02-13 12:15:07 -0600
  [1m[36mActiveRecord::SchemaMigration Load (0.5ms)[0m  [1mSELECT "schema_migrations".* FROM "schema_migrations"[0m
Processing by TenantsController#index as HTML
  [1m[35mTenant Load (0.6ms)[0m  SELECT "tenants".* FROM "tenants"
  Rendered tenants/index.html.erb within layouts/application (4.2ms)
Completed 500 Internal Server Error in 94ms

ActionView::Template::Error (cannot load such file -- sass
  (in /Users/salex/Work/oplutus/app/assets/stylesheets/plutus/main.css.scss)):
    4:   <title>FixtureRailsRoot</title>
    5:   <%= stylesheet_link_tag    "application", media: "all", "data-turbolinks-track" => true %>
    6:   <%= javascript_include_tag "application", "data-turbolinks-track" => true %>
    7:   <%= stylesheet_link_tag    "plutus/application" %>
    8:   <%= csrf_meta_tags %>
    9: </head>
   10: <body>
  app/views/layouts/application.html.erb:7:in `_app_views_layouts_application_html_erb__4582450400979731064_2170076160'


  Rendered /Users/salex/.rvm/gems/ruby-2.1.0/gems/actionpack-4.0.2/lib/action_dispatch/middleware/templates/rescues/_trace.erb (2.5ms)
  Rendered /Users/salex/.rvm/gems/ruby-2.1.0/gems/actionpack-4.0.2/lib/action_dispatch/middleware/templates/rescues/_request_and_response.erb (34.6ms)
  Rendered /Users/salex/.rvm/gems/ruby-2.1.0/gems/actionpack-4.0.2/lib/action_dispatch/middleware/templates/rescues/template_error.erb within rescues/layout (56.6ms)


Started GET "/" for 127.0.0.1 at 2014-02-13 12:20:52 -0600
Processing by TenantsController#index as HTML
  [1m[36mTenant Load (0.2ms)[0m  [1mSELECT "tenants".* FROM "tenants"[0m
  Rendered tenants/index.html.erb within layouts/application (1.3ms)
Completed 500 Internal Server Error in 20ms

ActionView::Template::Error (cannot load such file -- sass
  (in /Users/salex/Work/oplutus/app/assets/stylesheets/plutus/main.css.scss)):
    4:   <title>FixtureRailsRoot</title>
    5:   <%= stylesheet_link_tag    "application", media: "all", "data-turbolinks-track" => true %>
    6:   <%= javascript_include_tag "application", "data-turbolinks-track" => true %>
    7:   <%= stylesheet_link_tag    "plutus/application" %>
    8:   <%= csrf_meta_tags %>
    9: </head>
   10: <body>
  app/views/layouts/application.html.erb:7:in `_app_views_layouts_application_html_erb__4582450400979731064_2170076160'


  Rendered /Users/salex/.rvm/gems/ruby-2.1.0/gems/actionpack-4.0.2/lib/action_dispatch/middleware/templates/rescues/_trace.erb (2.7ms)
  Rendered /Users/salex/.rvm/gems/ruby-2.1.0/gems/actionpack-4.0.2/lib/action_dispatch/middleware/templates/rescues/_request_and_response.erb (2.1ms)
  Rendered /Users/salex/.rvm/gems/ruby-2.1.0/gems/actionpack-4.0.2/lib/action_dispatch/middleware/templates/rescues/template_error.erb within rescues/layout (20.9ms)


Started GET "/" for 127.0.0.1 at 2014-02-13 12:26:21 -0600
Processing by TenantsController#index as HTML
  [1m[35mTenant Load (0.2ms)[0m  SELECT "tenants".* FROM "tenants"
  Rendered tenants/index.html.erb within layouts/application (1.0ms)
Completed 200 OK in 8ms (Views: 7.7ms | ActiveRecord: 0.2ms)


Started GET "/assets/application.css?body=1" for 127.0.0.1 at 2014-02-13 12:26:21 -0600


Started GET "/assets/scaffold.css?body=1" for 127.0.0.1 at 2014-02-13 12:26:21 -0600


Started GET "/assets/tenants.css?body=1" for 127.0.0.1 at 2014-02-13 12:26:21 -0600


Started GET "/assets/application.js?body=1" for 127.0.0.1 at 2014-02-13 12:26:22 -0600


Started GET "/assets/tenants.js?body=1" for 127.0.0.1 at 2014-02-13 12:26:22 -0600


Started GET "/" for 127.0.0.1 at 2014-02-13 12:26:31 -0600
Processing by TenantsController#index as HTML
  [1m[36mTenant Load (0.2ms)[0m  [1mSELECT "tenants".* FROM "tenants"[0m
  Rendered tenants/index.html.erb within layouts/application (0.9ms)
Completed 200 OK in 7ms (Views: 6.4ms | ActiveRecord: 0.2ms)


Started GET "/" for 127.0.0.1 at 2014-02-13 12:26:31 -0600
Processing by TenantsController#index as HTML
  [1m[35mTenant Load (0.2ms)[0m  SELECT "tenants".* FROM "tenants"
  Rendered tenants/index.html.erb within layouts/application (0.8ms)
Completed 200 OK in 6ms (Views: 6.0ms | ActiveRecord: 0.2ms)


Started GET "/assets/application.css?body=1" for 127.0.0.1 at 2014-02-13 12:26:31 -0600


Started GET "/assets/tenants.css?body=1" for 127.0.0.1 at 2014-02-13 12:26:31 -0600


Started GET "/assets/scaffold.css?body=1" for 127.0.0.1 at 2014-02-13 12:26:31 -0600


Started GET "/assets/tenants.js?body=1" for 127.0.0.1 at 2014-02-13 12:26:31 -0600


Started GET "/assets/application.js?body=1" for 127.0.0.1 at 2014-02-13 12:26:31 -0600


Started GET "/plutus/accounts" for 127.0.0.1 at 2014-02-13 12:26:32 -0600
Processing by Plutus::AccountsController#index as HTML
  [1m[36mPlutus::Account Load (0.6ms)[0m  [1mSELECT "plutus_accounts".* FROM "plutus_accounts"[0m
  Rendered /Users/salex/Work/oplutus/app/views/plutus/accounts/index.html.erb within layouts/application (2.7ms)
Completed 200 OK in 24ms (Views: 9.3ms | ActiveRecord: 0.6ms)


Started GET "/assets/application.css?body=1" for 127.0.0.1 at 2014-02-13 12:26:32 -0600


Started GET "/assets/scaffold.css?body=1" for 127.0.0.1 at 2014-02-13 12:26:32 -0600


Started GET "/assets/tenants.css?body=1" for 127.0.0.1 at 2014-02-13 12:26:32 -0600


Started GET "/assets/tenants.js?body=1" for 127.0.0.1 at 2014-02-13 12:26:32 -0600


Started GET "/assets/application.js?body=1" for 127.0.0.1 at 2014-02-13 12:26:32 -0600


Started GET "/plutus/accounts" for 127.0.0.1 at 2014-02-13 12:30:12 -0600
Processing by Plutus::AccountsController#index as HTML
  [1m[35mPlutus::Account Load (0.2ms)[0m  SELECT "plutus_accounts".* FROM "plutus_accounts"
  Rendered /Users/salex/Work/oplutus/app/views/plutus/accounts/index.html.erb within layouts/application (1.2ms)
Completed 500 Internal Server Error in 57ms

ActionView::Template::Error (cannot load such file -- sass
  (in /Users/salex/Work/oplutus/app/assets/stylesheets/plutus/main.css.scss)):
    4:   <title>FixtureRailsRoot</title>
    5:   <%= stylesheet_link_tag    "application", media: "all", "data-turbolinks-track" => true %>
    6:   <%= javascript_include_tag "application", "data-turbolinks-track" => true %>
    7:   <%= stylesheet_link_tag    "plutus/application" %>
    8:   <%= csrf_meta_tags %>
    9: </head>
   10: <body>
  app/views/layouts/application.html.erb:7:in `_app_views_layouts_application_html_erb__4582450400979731064_2157193720'


  Rendered /Users/salex/.rvm/gems/ruby-2.1.0/gems/actionpack-4.0.2/lib/action_dispatch/middleware/templates/rescues/_trace.erb (5.3ms)
  Rendered /Users/salex/.rvm/gems/ruby-2.1.0/gems/actionpack-4.0.2/lib/action_dispatch/middleware/templates/rescues/_request_and_response.erb (2.0ms)
  Rendered /Users/salex/.rvm/gems/ruby-2.1.0/gems/actionpack-4.0.2/lib/action_dispatch/middleware/templates/rescues/template_error.erb within rescues/layout (19.8ms)


Started GET "/plutus/accounts" for 127.0.0.1 at 2014-02-13 12:31:43 -0600
Processing by Plutus::AccountsController#index as HTML
  [1m[36mPlutus::Account Load (0.3ms)[0m  [1mSELECT "plutus_accounts".* FROM "plutus_accounts"[0m
  Rendered /Users/salex/Work/oplutus/app/views/plutus/accounts/index.html.erb within layouts/application (1.9ms)
Completed 200 OK in 17ms (Views: 16.3ms | ActiveRecord: 0.3ms)


Started GET "/assets/application.css?body=1" for 127.0.0.1 at 2014-02-13 12:31:43 -0600


Started GET "/assets/scaffold.css?body=1" for 127.0.0.1 at 2014-02-13 12:31:43 -0600


Started GET "/assets/tenants.css?body=1" for 127.0.0.1 at 2014-02-13 12:31:43 -0600


Started GET "/assets/tenants.js?body=1" for 127.0.0.1 at 2014-02-13 12:31:43 -0600


Started GET "/assets/application.js?body=1" for 127.0.0.1 at 2014-02-13 12:31:43 -0600


Started GET "/plutus/transactions" for 127.0.0.1 at 2014-02-13 12:31:51 -0600
Processing by Plutus::TransactionsController#index as HTML
  [1m[35mPlutus::Transaction Load (0.6ms)[0m  SELECT "plutus_transactions".* FROM "plutus_transactions" WHERE "plutus_transactions"."tenant_id" IS NULL
  Rendered /Users/salex/Work/oplutus/app/views/plutus/transactions/index.html.erb within layouts/application (8.7ms)
Completed 200 OK in 47ms (Views: 17.8ms | ActiveRecord: 0.6ms)


Started GET "/assets/application.css?body=1" for 127.0.0.1 at 2014-02-13 12:31:52 -0600


Started GET "/assets/scaffold.css?body=1" for 127.0.0.1 at 2014-02-13 12:31:52 -0600


Started GET "/assets/tenants.css?body=1" for 127.0.0.1 at 2014-02-13 12:31:52 -0600


Started GET "/assets/tenants.js?body=1" for 127.0.0.1 at 2014-02-13 12:31:52 -0600


Started GET "/assets/application.js?body=1" for 127.0.0.1 at 2014-02-13 12:31:52 -0600


Started GET "/" for 127.0.0.1 at 2014-02-13 12:31:57 -0600
Processing by TenantsController#index as HTML
  [1m[36mTenant Load (0.2ms)[0m  [1mSELECT "tenants".* FROM "tenants"[0m
  Rendered tenants/index.html.erb within layouts/application (1.2ms)
Completed 200 OK in 10ms (Views: 9.1ms | ActiveRecord: 0.2ms)


Started GET "/assets/application.css?body=1" for 127.0.0.1 at 2014-02-13 12:31:57 -0600


Started GET "/assets/scaffold.css?body=1" for 127.0.0.1 at 2014-02-13 12:31:57 -0600


Started GET "/assets/tenants.css?body=1" for 127.0.0.1 at 2014-02-13 12:31:57 -0600


Started GET "/assets/tenants.js?body=1" for 127.0.0.1 at 2014-02-13 12:31:57 -0600


Started GET "/assets/application.js?body=1" for 127.0.0.1 at 2014-02-13 12:31:57 -0600


Started GET "/" for 127.0.0.1 at 2014-02-13 12:32:10 -0600
Processing by TenantsController#index as HTML
  [1m[35mTenant Load (0.8ms)[0m  SELECT "tenants".* FROM "tenants"
  Rendered tenants/index.html.erb within layouts/application (2.9ms)
Completed 200 OK in 10ms (Views: 8.9ms | ActiveRecord: 0.8ms)


Started GET "/assets/application.css?body=1" for 127.0.0.1 at 2014-02-13 12:32:10 -0600


Started GET "/assets/scaffold.css?body=1" for 127.0.0.1 at 2014-02-13 12:32:10 -0600


Started GET "/assets/tenants.css?body=1" for 127.0.0.1 at 2014-02-13 12:32:10 -0600


Started GET "/assets/tenants.js?body=1" for 127.0.0.1 at 2014-02-13 12:32:10 -0600


Started GET "/assets/application.js?body=1" for 127.0.0.1 at 2014-02-13 12:32:10 -0600


Started GET "/tenants/new" for 127.0.0.1 at 2014-02-13 12:32:27 -0600
Processing by TenantsController#new as HTML
  Rendered tenants/_form.html.erb (37.3ms)
  Rendered tenants/new.html.erb within layouts/application (74.5ms)
Completed 200 OK in 84ms (Views: 80.6ms | ActiveRecord: 0.5ms)


Started GET "/assets/application.css?body=1" for 127.0.0.1 at 2014-02-13 12:32:28 -0600


Started GET "/assets/scaffold.css?body=1" for 127.0.0.1 at 2014-02-13 12:32:28 -0600


Started GET "/assets/tenants.js?body=1" for 127.0.0.1 at 2014-02-13 12:32:28 -0600


Started GET "/assets/application.js?body=1" for 127.0.0.1 at 2014-02-13 12:32:28 -0600


Started GET "/assets/tenants.css?body=1" for 127.0.0.1 at 2014-02-13 12:32:28 -0600


Started POST "/tenants" for 127.0.0.1 at 2014-02-13 12:32:46 -0600
Processing by TenantsController#create as HTML
  Parameters: {"utf8"=>"✓", "authenticity_token"=>"4FSc2fIAI8o7D/HsbvvkHH/uHGknPvx7RXAajeiYbNY=", "tenant"=>{"name"=>"Customer 1", "subdomain"=>"cust1"}, "commit"=>"Create Tenant"}
  [1m[36m (0.1ms)[0m  [1mbegin transaction[0m
  [1m[35mSQL (7.3ms)[0m  INSERT INTO "tenants" ("created_at", "name", "subdomain", "updated_at") VALUES (?, ?, ?, ?)  [["created_at", Thu, 13 Feb 2014 18:32:46 UTC +00:00], ["name", "Customer 1"], ["subdomain", "cust1"], ["updated_at", Thu, 13 Feb 2014 18:32:46 UTC +00:00]]
  [1m[36m (1.2ms)[0m  [1mcommit transaction[0m
Redirected to http://post8600.lvh.me:3000/tenants/1
Completed 302 Found in 14ms (ActiveRecord: 8.6ms)


Started GET "/tenants/1" for 127.0.0.1 at 2014-02-13 12:32:46 -0600
Processing by TenantsController#show as HTML
  Parameters: {"id"=>"1"}
  [1m[35mTenant Load (0.4ms)[0m  SELECT "tenants".* FROM "tenants" WHERE "tenants"."id" = ? LIMIT 1  [["id", "1"]]
  Rendered tenants/show.html.erb within layouts/application (1.9ms)
Completed 200 OK in 42ms (Views: 30.9ms | ActiveRecord: 0.4ms)


Started GET "/assets/application.css?body=1" for 127.0.0.1 at 2014-02-13 12:32:46 -0600


Started GET "/assets/scaffold.css?body=1" for 127.0.0.1 at 2014-02-13 12:32:46 -0600


Started GET "/assets/tenants.js?body=1" for 127.0.0.1 at 2014-02-13 12:32:46 -0600


Started GET "/assets/application.js?body=1" for 127.0.0.1 at 2014-02-13 12:32:46 -0600


Started GET "/assets/tenants.css?body=1" for 127.0.0.1 at 2014-02-13 12:32:46 -0600


Started GET "/tenants" for 127.0.0.1 at 2014-02-13 12:32:49 -0600
Processing by TenantsController#index as HTML
  [1m[36mTenant Load (0.2ms)[0m  [1mSELECT "tenants".* FROM "tenants"[0m
  Rendered tenants/index.html.erb within layouts/application (2.0ms)
Completed 200 OK in 11ms (Views: 10.2ms | ActiveRecord: 0.2ms)


Started GET "/assets/application.css?body=1" for 127.0.0.1 at 2014-02-13 12:32:49 -0600


Started GET "/assets/tenants.css?body=1" for 127.0.0.1 at 2014-02-13 12:32:49 -0600


Started GET "/assets/tenants.js?body=1" for 127.0.0.1 at 2014-02-13 12:32:49 -0600


Started GET "/assets/application.js?body=1" for 127.0.0.1 at 2014-02-13 12:32:49 -0600


Started GET "/assets/scaffold.css?body=1" for 127.0.0.1 at 2014-02-13 12:32:49 -0600


Started GET "/tenants/new" for 127.0.0.1 at 2014-02-13 12:32:51 -0600
Processing by TenantsController#new as HTML
  Rendered tenants/_form.html.erb (4.1ms)
  Rendered tenants/new.html.erb within layouts/application (5.6ms)
Completed 200 OK in 14ms (Views: 13.1ms | ActiveRecord: 0.0ms)


Started GET "/assets/application.css?body=1" for 127.0.0.1 at 2014-02-13 12:32:51 -0600


Started GET "/assets/scaffold.css?body=1" for 127.0.0.1 at 2014-02-13 12:32:51 -0600


Started GET "/assets/tenants.css?body=1" for 127.0.0.1 at 2014-02-13 12:32:51 -0600


Started GET "/assets/tenants.js?body=1" for 127.0.0.1 at 2014-02-13 12:32:51 -0600


Started GET "/assets/application.js?body=1" for 127.0.0.1 at 2014-02-13 12:32:51 -0600


Started POST "/tenants" for 127.0.0.1 at 2014-02-13 12:33:04 -0600
Processing by TenantsController#create as HTML
  Parameters: {"utf8"=>"✓", "authenticity_token"=>"4FSc2fIAI8o7D/HsbvvkHH/uHGknPvx7RXAajeiYbNY=", "tenant"=>{"name"=>"Customer 2", "subdomain"=>"cust2"}, "commit"=>"Create Tenant"}
  [1m[35m (0.1ms)[0m  begin transaction
  [1m[36mSQL (0.5ms)[0m  [1mINSERT INTO "tenants" ("created_at", "name", "subdomain", "updated_at") VALUES (?, ?, ?, ?)[0m  [["created_at", Thu, 13 Feb 2014 18:33:04 UTC +00:00], ["name", "Customer 2"], ["subdomain", "cust2"], ["updated_at", Thu, 13 Feb 2014 18:33:04 UTC +00:00]]
  [1m[35m (0.9ms)[0m  commit transaction
Redirected to http://post8600.lvh.me:3000/tenants/2
Completed 302 Found in 13ms (ActiveRecord: 1.5ms)


Started GET "/tenants/2" for 127.0.0.1 at 2014-02-13 12:33:04 -0600
Processing by TenantsController#show as HTML
  Parameters: {"id"=>"2"}
  [1m[36mTenant Load (0.2ms)[0m  [1mSELECT "tenants".* FROM "tenants" WHERE "tenants"."id" = ? LIMIT 1[0m  [["id", "2"]]
  Rendered tenants/show.html.erb within layouts/application (1.0ms)
Completed 200 OK in 8ms (Views: 7.1ms | ActiveRecord: 0.2ms)


Started GET "/assets/application.css?body=1" for 127.0.0.1 at 2014-02-13 12:33:04 -0600


Started GET "/assets/scaffold.css?body=1" for 127.0.0.1 at 2014-02-13 12:33:04 -0600


Started GET "/assets/tenants.css?body=1" for 127.0.0.1 at 2014-02-13 12:33:04 -0600


Started GET "/assets/application.js?body=1" for 127.0.0.1 at 2014-02-13 12:33:04 -0600


Started GET "/assets/tenants.js?body=1" for 127.0.0.1 at 2014-02-13 12:33:04 -0600


Started GET "/tenants/2" for 127.0.0.1 at 2014-02-13 12:46:32 -0600
Processing by TenantsController#show as HTML
  Parameters: {"id"=>"2"}
  [1m[35mTenant Load (0.2ms)[0m  SELECT "tenants".* FROM "tenants" WHERE "tenants"."subdomain" = 'post8600' ORDER BY "tenants"."id" ASC LIMIT 1
  [1m[36mTenant Load (0.2ms)[0m  [1mSELECT "tenants".* FROM "tenants" WHERE "tenants"."id" = ? LIMIT 1[0m  [["id", "2"]]
  Rendered tenants/show.html.erb within layouts/application (1.3ms)
Completed 500 Internal Server Error in 35ms

ActionView::Template::Error (cannot load such file -- sass
  (in /Users/salex/Work/oplutus/fixture_rails_root/app/assets/stylesheets/main.css.scss)):
    2: <html>
    3: <head>
    4:   <title>FixtureRailsRoot</title>
    5:   <%= stylesheet_link_tag    "application", media: "all", "data-turbolinks-track" => true %>
    6:   <%= javascript_include_tag "application", "data-turbolinks-track" => true %>
    7:   <%#= stylesheet_link_tag    "plutus/application" %>
    8:   <%= csrf_meta_tags %>
  app/views/layouts/application.html.erb:5:in `_app_views_layouts_application_html_erb__4582450400979731064_2169337320'


  Rendered /Users/salex/.rvm/gems/ruby-2.1.0/gems/actionpack-4.0.2/lib/action_dispatch/middleware/templates/rescues/_trace.erb (2.1ms)
  Rendered /Users/salex/.rvm/gems/ruby-2.1.0/gems/actionpack-4.0.2/lib/action_dispatch/middleware/templates/rescues/_request_and_response.erb (1.4ms)
  Rendered /Users/salex/.rvm/gems/ruby-2.1.0/gems/actionpack-4.0.2/lib/action_dispatch/middleware/templates/rescues/template_error.erb within rescues/layout (15.2ms)


Started GET "/" for 127.0.0.1 at 2014-02-13 12:52:42 -0600
Processing by TenantsController#index as HTML
  [1m[35mTenant Load (0.2ms)[0m  SELECT "tenants".* FROM "tenants" WHERE "tenants"."subdomain" = 'post8600' ORDER BY "tenants"."id" ASC LIMIT 1
  [1m[36mTenant Load (0.2ms)[0m  [1mSELECT "tenants".* FROM "tenants"[0m
  Rendered tenants/index.html.erb within layouts/application (3.4ms)
Completed 500 Internal Server Error in 32ms

ActionView::Template::Error (cannot load such file -- sass
  (in /Users/salex/Work/oplutus/fixture_rails_root/app/assets/stylesheets/main.css.scss)):
    2: <html>
    3: <head>
    4:   <title>FixtureRailsRoot</title>
    5:   <%= stylesheet_link_tag    "application", media: "all", "data-turbolinks-track" => true %>
    6:   <%= javascript_include_tag "application", "data-turbolinks-track" => true %>
    7:   <%#= stylesheet_link_tag    "plutus/application" %>
    8:   <%= csrf_meta_tags %>
  app/views/layouts/application.html.erb:5:in `_app_views_layouts_application_html_erb__4582450400979731064_2169337320'


  Rendered /Users/salex/.rvm/gems/ruby-2.1.0/gems/actionpack-4.0.2/lib/action_dispatch/middleware/templates/rescues/_trace.erb (2.1ms)
  Rendered /Users/salex/.rvm/gems/ruby-2.1.0/gems/actionpack-4.0.2/lib/action_dispatch/middleware/templates/rescues/_request_and_response.erb (1.8ms)
  Rendered /Users/salex/.rvm/gems/ruby-2.1.0/gems/actionpack-4.0.2/lib/action_dispatch/middleware/templates/rescues/template_error.erb within rescues/layout (15.9ms)


Started GET "/" for 127.0.0.1 at 2014-02-13 12:53:49 -0600
Processing by TenantsController#index as HTML
  [1m[35mTenant Load (0.3ms)[0m  SELECT "tenants".* FROM "tenants" WHERE "tenants"."subdomain" = 'post8600' ORDER BY "tenants"."id" ASC LIMIT 1
  [1m[36mTenant Load (0.3ms)[0m  [1mSELECT "tenants".* FROM "tenants"[0m
  Rendered tenants/index.html.erb within layouts/application (2.8ms)
Completed 200 OK in 11ms (Views: 9.1ms | ActiveRecord: 0.5ms)


Started GET "/assets/application.css?body=1" for 127.0.0.1 at 2014-02-13 12:53:49 -0600


Started GET "/assets/scaffold.css?body=1" for 127.0.0.1 at 2014-02-13 12:53:50 -0600


Started GET "/assets/tenants.css?body=1" for 127.0.0.1 at 2014-02-13 12:53:50 -0600


Started GET "/assets/tenants.js?body=1" for 127.0.0.1 at 2014-02-13 12:53:50 -0600


Started GET "/assets/application.js?body=1" for 127.0.0.1 at 2014-02-13 12:53:50 -0600


Started GET "/" for 127.0.0.1 at 2014-02-13 12:56:30 -0600
Processing by TenantsController#index as HTML
  [1m[35mTenant Load (0.2ms)[0m  SELECT "tenants".* FROM "tenants" WHERE "tenants"."subdomain" = 'post8600' ORDER BY "tenants"."id" ASC LIMIT 1
  [1m[36mTenant Load (0.2ms)[0m  [1mSELECT "tenants".* FROM "tenants"[0m
  Rendered tenants/index.html.erb within layouts/application (3.6ms)
Completed 200 OK in 14ms (Views: 12.6ms | ActiveRecord: 0.5ms)


Started GET "/assets/application.css?body=1" for 127.0.0.1 at 2014-02-13 12:56:30 -0600


Started GET "/assets/application.js?body=1" for 127.0.0.1 at 2014-02-13 12:56:30 -0600


Started GET "/assets/scaffold.css?body=1" for 127.0.0.1 at 2014-02-13 12:56:30 -0600


Started GET "/assets/tenants.css?body=1" for 127.0.0.1 at 2014-02-13 12:56:30 -0600


Started GET "/assets/tenants.js?body=1" for 127.0.0.1 at 2014-02-13 12:56:30 -0600


Started GET "/" for 127.0.0.1 at 2014-02-13 12:57:02 -0600
Processing by TenantsController#index as HTML
  [1m[35mTenant Load (0.3ms)[0m  SELECT "tenants".* FROM "tenants" WHERE "tenants"."subdomain" = 'cust1' ORDER BY "tenants"."id" ASC LIMIT 1
  [1m[36mTenant Load (0.2ms)[0m  [1mSELECT "tenants".* FROM "tenants"[0m
  Rendered tenants/index.html.erb within layouts/application (3.1ms)
Completed 200 OK in 10ms (Views: 8.7ms | ActiveRecord: 0.4ms)


Started GET "/assets/application.css?body=1" for 127.0.0.1 at 2014-02-13 12:57:02 -0600


Started GET "/assets/scaffold.css?body=1" for 127.0.0.1 at 2014-02-13 12:57:02 -0600


Started GET "/assets/tenants.css?body=1" for 127.0.0.1 at 2014-02-13 12:57:02 -0600


Started GET "/assets/tenants.js?body=1" for 127.0.0.1 at 2014-02-13 12:57:02 -0600


Started GET "/assets/application.js?body=1" for 127.0.0.1 at 2014-02-13 12:57:02 -0600


Started GET "/" for 127.0.0.1 at 2014-02-13 12:59:30 -0600
Processing by TenantsController#index as HTML
  [1m[35mTenant Load (0.2ms)[0m  SELECT "tenants".* FROM "tenants" WHERE "tenants"."subdomain" = 'cust1' ORDER BY "tenants"."id" ASC LIMIT 1
  [1m[36mTenant Load (0.2ms)[0m  [1mSELECT "tenants".* FROM "tenants"[0m
  Rendered tenants/index.html.erb within layouts/application (2.3ms)
Completed 200 OK in 35ms (Views: 33.5ms | ActiveRecord: 0.4ms)


Started GET "/assets/application.css?body=1" for 127.0.0.1 at 2014-02-13 12:59:30 -0600


Started GET "/assets/scaffold.css?body=1" for 127.0.0.1 at 2014-02-13 12:59:30 -0600


Started GET "/assets/tenants.css?body=1" for 127.0.0.1 at 2014-02-13 12:59:30 -0600


Started GET "/assets/application.js?body=1" for 127.0.0.1 at 2014-02-13 12:59:30 -0600


Started GET "/assets/tenants.js?body=1" for 127.0.0.1 at 2014-02-13 12:59:30 -0600


Started GET "/" for 127.0.0.1 at 2014-02-13 12:59:37 -0600
Processing by TenantsController#index as HTML
  [1m[35mTenant Load (0.3ms)[0m  SELECT "tenants".* FROM "tenants" WHERE "tenants"."subdomain" = 'cust1' ORDER BY "tenants"."id" ASC LIMIT 1
  [1m[36mTenant Load (0.2ms)[0m  [1mSELECT "tenants".* FROM "tenants"[0m
  Rendered tenants/index.html.erb within layouts/application (2.3ms)
Completed 200 OK in 9ms (Views: 7.4ms | ActiveRecord: 0.5ms)


Started GET "/" for 127.0.0.1 at 2014-02-13 12:59:37 -0600
Processing by TenantsController#index as HTML
  [1m[35mTenant Load (0.2ms)[0m  SELECT "tenants".* FROM "tenants" WHERE "tenants"."subdomain" = 'cust1' ORDER BY "tenants"."id" ASC LIMIT 1
  [1m[36mTenant Load (0.2ms)[0m  [1mSELECT "tenants".* FROM "tenants"[0m
  Rendered tenants/index.html.erb within layouts/application (2.3ms)
Completed 200 OK in 19ms (Views: 17.2ms | ActiveRecord: 0.4ms)


Started GET "/assets/application.css?body=1" for 127.0.0.1 at 2014-02-13 12:59:37 -0600


Started GET "/assets/scaffold.css?body=1" for 127.0.0.1 at 2014-02-13 12:59:37 -0600


Started GET "/assets/tenants.css?body=1" for 127.0.0.1 at 2014-02-13 12:59:37 -0600


Started GET "/assets/tenants.js?body=1" for 127.0.0.1 at 2014-02-13 12:59:37 -0600


Started GET "/assets/application.js?body=1" for 127.0.0.1 at 2014-02-13 12:59:37 -0600


Started GET "/plutus/accouts" for 127.0.0.1 at 2014-02-13 12:59:45 -0600

ActionController::RoutingError (No route matches [GET] "/plutus/accouts"):
  actionpack (4.0.2) lib/action_dispatch/middleware/debug_exceptions.rb:21:in `call'
  actionpack (4.0.2) lib/action_dispatch/middleware/show_exceptions.rb:30:in `call'
  railties (4.0.2) lib/rails/rack/logger.rb:38:in `call_app'
  railties (4.0.2) lib/rails/rack/logger.rb:20:in `block in call'
  activesupport (4.0.2) lib/active_support/tagged_logging.rb:67:in `block in tagged'
  activesupport (4.0.2) lib/active_support/tagged_logging.rb:25:in `tagged'
  activesupport (4.0.2) lib/active_support/tagged_logging.rb:67:in `tagged'
  railties (4.0.2) lib/rails/rack/logger.rb:20:in `call'
  actionpack (4.0.2) lib/action_dispatch/middleware/request_id.rb:21:in `call'
  rack (1.5.2) lib/rack/methodoverride.rb:21:in `call'
  rack (1.5.2) lib/rack/runtime.rb:17:in `call'
  activesupport (4.0.2) lib/active_support/cache/strategy/local_cache.rb:83:in `call'
  rack (1.5.2) lib/rack/lock.rb:17:in `call'
  actionpack (4.0.2) lib/action_dispatch/middleware/static.rb:64:in `call'
  rack (1.5.2) lib/rack/sendfile.rb:112:in `call'
  railties (4.0.2) lib/rails/engine.rb:511:in `call'
  railties (4.0.2) lib/rails/application.rb:97:in `call'
  rack (1.5.2) lib/rack/lock.rb:17:in `call'
  rack (1.5.2) lib/rack/content_length.rb:14:in `call'
  rack (1.5.2) lib/rack/handler/webrick.rb:60:in `service'
  /Users/salex/.rvm/rubies/ruby-2.1.0/lib/ruby/2.1.0/webrick/httpserver.rb:138:in `service'
  /Users/salex/.rvm/rubies/ruby-2.1.0/lib/ruby/2.1.0/webrick/httpserver.rb:94:in `run'
  /Users/salex/.rvm/rubies/ruby-2.1.0/lib/ruby/2.1.0/webrick/server.rb:295:in `block in start_thread'


  Rendered /Users/salex/.rvm/gems/ruby-2.1.0/gems/actionpack-4.0.2/lib/action_dispatch/middleware/templates/rescues/_trace.erb (2.2ms)
  Rendered /Users/salex/.rvm/gems/ruby-2.1.0/gems/actionpack-4.0.2/lib/action_dispatch/middleware/templates/routes/_route.html.erb (4.3ms)
  Rendered /Users/salex/.rvm/gems/ruby-2.1.0/gems/actionpack-4.0.2/lib/action_dispatch/middleware/templates/routes/_route.html.erb (4.5ms)
  Rendered /Users/salex/.rvm/gems/ruby-2.1.0/gems/actionpack-4.0.2/lib/action_dispatch/middleware/templates/routes/_table.html.erb (5.2ms)
  Rendered /Users/salex/.rvm/gems/ruby-2.1.0/gems/actionpack-4.0.2/lib/action_dispatch/middleware/templates/rescues/routing_error.erb within rescues/layout (72.6ms)


Started GET "/plutus/accounts" for 127.0.0.1 at 2014-02-13 12:59:56 -0600

RuntimeError (Circular dependency detected while autoloading constant Plutus::AccountsController):
  activesupport (4.0.2) lib/active_support/dependencies.rb:461:in `load_missing_constant'
  activesupport (4.0.2) lib/active_support/dependencies.rb:184:in `const_missing'
  activesupport (4.0.2) lib/active_support/inflector/methods.rb:228:in `const_get'
  activesupport (4.0.2) lib/active_support/inflector/methods.rb:228:in `block in constantize'
  activesupport (4.0.2) lib/active_support/inflector/methods.rb:224:in `each'
  activesupport (4.0.2) lib/active_support/inflector/methods.rb:224:in `inject'
  activesupport (4.0.2) lib/active_support/inflector/methods.rb:224:in `constantize'
  activesupport (4.0.2) lib/active_support/dependencies.rb:535:in `get'
  activesupport (4.0.2) lib/active_support/dependencies.rb:566:in `constantize'
  actionpack (4.0.2) lib/action_dispatch/routing/route_set.rb:76:in `controller_reference'
  actionpack (4.0.2) lib/action_dispatch/routing/route_set.rb:66:in `controller'
  actionpack (4.0.2) lib/action_dispatch/routing/route_set.rb:44:in `call'
  actionpack (4.0.2) lib/action_dispatch/journey/router.rb:71:in `block in call'
  actionpack (4.0.2) lib/action_dispatch/journey/router.rb:59:in `each'
  actionpack (4.0.2) lib/action_dispatch/journey/router.rb:59:in `call'
  actionpack (4.0.2) lib/action_dispatch/routing/route_set.rb:680:in `call'
  railties (4.0.2) lib/rails/engine.rb:511:in `call'
  railties (4.0.2) lib/rails/railtie/configurable.rb:30:in `method_missing'
  actionpack (4.0.2) lib/action_dispatch/journey/router.rb:71:in `block in call'
  actionpack (4.0.2) lib/action_dispatch/journey/router.rb:59:in `each'
  actionpack (4.0.2) lib/action_dispatch/journey/router.rb:59:in `call'
  actionpack (4.0.2) lib/action_dispatch/routing/route_set.rb:680:in `call'
  request_store (1.0.5) lib/request_store/middleware.rb:9:in `call'
  rack (1.5.2) lib/rack/etag.rb:23:in `call'
  rack (1.5.2) lib/rack/conditionalget.rb:25:in `call'
  rack (1.5.2) lib/rack/head.rb:11:in `call'
  actionpack (4.0.2) lib/action_dispatch/middleware/params_parser.rb:27:in `call'
  actionpack (4.0.2) lib/action_dispatch/middleware/flash.rb:241:in `call'
  rack (1.5.2) lib/rack/session/abstract/id.rb:225:in `context'
  rack (1.5.2) lib/rack/session/abstract/id.rb:220:in `call'
  actionpack (4.0.2) lib/action_dispatch/middleware/cookies.rb:486:in `call'
  activerecord (4.0.2) lib/active_record/query_cache.rb:36:in `call'
  activerecord (4.0.2) lib/active_record/connection_adapters/abstract/connection_pool.rb:626:in `call'
  activerecord (4.0.2) lib/active_record/migration.rb:369:in `call'
  actionpack (4.0.2) lib/action_dispatch/middleware/callbacks.rb:29:in `block in call'
  activesupport (4.0.2) lib/active_support/callbacks.rb:373:in `_run__3209925305777995180__call__callbacks'
  activesupport (4.0.2) lib/active_support/callbacks.rb:80:in `run_callbacks'
  actionpack (4.0.2) lib/action_dispatch/middleware/callbacks.rb:27:in `call'
  actionpack (4.0.2) lib/action_dispatch/middleware/reloader.rb:64:in `call'
  actionpack (4.0.2) lib/action_dispatch/middleware/remote_ip.rb:76:in `call'
  actionpack (4.0.2) lib/action_dispatch/middleware/debug_exceptions.rb:17:in `call'
  actionpack (4.0.2) lib/action_dispatch/middleware/show_exceptions.rb:30:in `call'
  railties (4.0.2) lib/rails/rack/logger.rb:38:in `call_app'
  railties (4.0.2) lib/rails/rack/logger.rb:20:in `block in call'
  activesupport (4.0.2) lib/active_support/tagged_logging.rb:67:in `block in tagged'
  activesupport (4.0.2) lib/active_support/tagged_logging.rb:25:in `tagged'
  activesupport (4.0.2) lib/active_support/tagged_logging.rb:67:in `tagged'
  railties (4.0.2) lib/rails/rack/logger.rb:20:in `call'
  actionpack (4.0.2) lib/action_dispatch/middleware/request_id.rb:21:in `call'
  rack (1.5.2) lib/rack/methodoverride.rb:21:in `call'
  rack (1.5.2) lib/rack/runtime.rb:17:in `call'
  activesupport (4.0.2) lib/active_support/cache/strategy/local_cache.rb:83:in `call'
  rack (1.5.2) lib/rack/lock.rb:17:in `call'
  actionpack (4.0.2) lib/action_dispatch/middleware/static.rb:64:in `call'
  rack (1.5.2) lib/rack/sendfile.rb:112:in `call'
  railties (4.0.2) lib/rails/engine.rb:511:in `call'
  railties (4.0.2) lib/rails/application.rb:97:in `call'
  rack (1.5.2) lib/rack/lock.rb:17:in `call'
  rack (1.5.2) lib/rack/content_length.rb:14:in `call'
  rack (1.5.2) lib/rack/handler/webrick.rb:60:in `service'
  /Users/salex/.rvm/rubies/ruby-2.1.0/lib/ruby/2.1.0/webrick/httpserver.rb:138:in `service'
  /Users/salex/.rvm/rubies/ruby-2.1.0/lib/ruby/2.1.0/webrick/httpserver.rb:94:in `run'
  /Users/salex/.rvm/rubies/ruby-2.1.0/lib/ruby/2.1.0/webrick/server.rb:295:in `block in start_thread'


  Rendered /Users/salex/.rvm/gems/ruby-2.1.0/gems/actionpack-4.0.2/lib/action_dispatch/middleware/templates/rescues/_source.erb (0.9ms)
  Rendered /Users/salex/.rvm/gems/ruby-2.1.0/gems/actionpack-4.0.2/lib/action_dispatch/middleware/templates/rescues/_trace.erb (2.1ms)
  Rendered /Users/salex/.rvm/gems/ruby-2.1.0/gems/actionpack-4.0.2/lib/action_dispatch/middleware/templates/rescues/_request_and_response.erb (1.9ms)
  Rendered /Users/salex/.rvm/gems/ruby-2.1.0/gems/actionpack-4.0.2/lib/action_dispatch/middleware/templates/rescues/diagnostics.erb within rescues/layout (24.9ms)


Started GET "/plutus/accounts" for 127.0.0.1 at 2014-02-13 13:00:27 -0600
  [1m[36mActiveRecord::SchemaMigration Load (0.5ms)[0m  [1mSELECT "schema_migrations".* FROM "schema_migrations"[0m
Processing by Plutus::AccountsController#index as HTML
  [1m[35mTenant Load (0.2ms)[0m  SELECT "tenants".* FROM "tenants" WHERE "tenants"."subdomain" = 'cust1' ORDER BY "tenants"."id" ASC LIMIT 1
  [1m[36mPlutus::Account Load (0.7ms)[0m  [1mSELECT "plutus_accounts".* FROM "plutus_accounts"[0m
  Rendered /Users/salex/Work/oplutus/app/views/plutus/accounts/index.html.erb within layouts/application (4.9ms)
Completed 200 OK in 106ms (Views: 79.0ms | ActiveRecord: 1.3ms)


Started GET "/assets/application.css?body=1" for 127.0.0.1 at 2014-02-13 13:00:27 -0600


Started GET "/assets/tenants.css?body=1" for 127.0.0.1 at 2014-02-13 13:00:27 -0600


Started GET "/assets/tenants.js?body=1" for 127.0.0.1 at 2014-02-13 13:00:28 -0600


Started GET "/assets/application.js?body=1" for 127.0.0.1 at 2014-02-13 13:00:28 -0600


Started GET "/assets/scaffold.css?body=1" for 127.0.0.1 at 2014-02-13 13:00:28 -0600
  [1m[36m (0.1ms)[0m  [1mbegin transaction[0m
  [1m[35mPlutus::Account Exists (0.7ms)[0m  SELECT 1 AS one FROM "plutus_accounts" WHERE "plutus_accounts"."name" = 'Accounts Receivable' LIMIT 1
  [1m[36mSQL (6.5ms)[0m  [1mINSERT INTO "plutus_accounts" ("created_at", "name", "type", "updated_at") VALUES (?, ?, ?, ?)[0m  [["created_at", Thu, 13 Feb 2014 19:01:20 UTC +00:00], ["name", "Accounts Receivable"], ["type", "Plutus::Asset"], ["updated_at", Thu, 13 Feb 2014 19:01:20 UTC +00:00]]
  [1m[35m (1.2ms)[0m  commit transaction
  [1m[36m (0.3ms)[0m  [1mbegin transaction[0m
  [1m[35mPlutus::Account Exists (0.2ms)[0m  SELECT 1 AS one FROM "plutus_accounts" WHERE "plutus_accounts"."name" = 'Sales Revenue' LIMIT 1
  [1m[36mSQL (0.6ms)[0m  [1mINSERT INTO "plutus_accounts" ("created_at", "name", "type", "updated_at") VALUES (?, ?, ?, ?)[0m  [["created_at", Thu, 13 Feb 2014 19:01:20 UTC +00:00], ["name", "Sales Revenue"], ["type", "Plutus::Revenue"], ["updated_at", Thu, 13 Feb 2014 19:01:20 UTC +00:00]]
  [1m[35m (1.3ms)[0m  commit transaction
  [1m[36m (0.1ms)[0m  [1mbegin transaction[0m
  [1m[35mPlutus::Account Exists (0.3ms)[0m  SELECT 1 AS one FROM "plutus_accounts" WHERE "plutus_accounts"."name" = 'Sales Tax Payable' LIMIT 1
  [1m[36mSQL (0.5ms)[0m  [1mINSERT INTO "plutus_accounts" ("created_at", "name", "type", "updated_at") VALUES (?, ?, ?, ?)[0m  [["created_at", Thu, 13 Feb 2014 19:01:20 UTC +00:00], ["name", "Sales Tax Payable"], ["type", "Plutus::Liability"], ["updated_at", Thu, 13 Feb 2014 19:01:20 UTC +00:00]]
  [1m[35m (1.2ms)[0m  commit transaction
  [1m[36m (0.1ms)[0m  [1mbegin transaction[0m
  [1m[35mPlutus::Account Exists (0.2ms)[0m  SELECT 1 AS one FROM "plutus_accounts" WHERE "plutus_accounts"."name" = 'Drawing' LIMIT 1
  [1m[36mSQL (0.6ms)[0m  [1mINSERT INTO "plutus_accounts" ("contra", "created_at", "name", "type", "updated_at") VALUES (?, ?, ?, ?, ?)[0m  [["contra", true], ["created_at", Thu, 13 Feb 2014 19:01:20 UTC +00:00], ["name", "Drawing"], ["type", "Plutus::Equity"], ["updated_at", Thu, 13 Feb 2014 19:01:20 UTC +00:00]]
  [1m[35m (1.2ms)[0m  commit transaction
  [1m[36m (0.1ms)[0m  [1mbegin transaction[0m
  [1m[35mPlutus::Account Exists (0.2ms)[0m  SELECT 1 AS one FROM "plutus_accounts" WHERE "plutus_accounts"."name" = 'Cash' LIMIT 1
  [1m[36mSQL (0.4ms)[0m  [1mINSERT INTO "plutus_accounts" ("created_at", "name", "type", "updated_at") VALUES (?, ?, ?, ?)[0m  [["created_at", Thu, 13 Feb 2014 19:01:20 UTC +00:00], ["name", "Cash"], ["type", "Plutus::Asset"], ["updated_at", Thu, 13 Feb 2014 19:01:20 UTC +00:00]]
  [1m[35m (1.0ms)[0m  commit transaction
  [1m[36mTenant Load (0.2ms)[0m  [1mSELECT "tenants".* FROM "tenants" ORDER BY "tenants"."id" ASC LIMIT 1[0m
  [1m[35mPlutus::Account Load (0.2ms)[0m  SELECT "plutus_accounts".* FROM "plutus_accounts" WHERE "plutus_accounts"."name" = 'Accounts Receivable' LIMIT 1
  [1m[36mPlutus::Account Load (0.3ms)[0m  [1mSELECT "plutus_accounts".* FROM "plutus_accounts" WHERE "plutus_accounts"."name" = 'Sales Revenue' LIMIT 1[0m
  [1m[35mPlutus::Account Load (0.3ms)[0m  SELECT "plutus_accounts".* FROM "plutus_accounts" WHERE "plutus_accounts"."name" = 'Sales Tax Payable' LIMIT 1
  [1m[36m (0.2ms)[0m  [1mbegin transaction[0m
  [1m[35mSQL (1.7ms)[0m  INSERT INTO "plutus_transactions" ("created_at", "description", "tenant_id", "updated_at") VALUES (?, ?, ?, ?)  [["created_at", Thu, 13 Feb 2014 19:02:55 UTC +00:00], ["description", "Sold some widgets"], ["tenant_id", 1], ["updated_at", Thu, 13 Feb 2014 19:02:55 UTC +00:00]]
  [1m[36mPlutus::Transaction Load (0.3ms)[0m  [1mSELECT "plutus_transactions".* FROM "plutus_transactions" WHERE "plutus_transactions"."tenant_id" = 1 AND "plutus_transactions"."id" = ? ORDER BY "plutus_transactions"."id" ASC LIMIT 1[0m  [["id", 1]]
  [1m[35mSQL (0.6ms)[0m  INSERT INTO "plutus_amounts" ("account_id", "amount", "tenant_id", "transaction_id", "type") VALUES (?, ?, ?, ?, ?)  [["account_id", 2], ["amount", #<BigDecimal:101149c98,'0.45E2',9(27)>], ["tenant_id", 1], ["transaction_id", 1], ["type", "Plutus::CreditAmount"]]
  [1m[36mPlutus::Transaction Load (0.1ms)[0m  [1mSELECT "plutus_transactions".* FROM "plutus_transactions" WHERE "plutus_transactions"."tenant_id" = 1 AND "plutus_transactions"."id" = ? ORDER BY "plutus_transactions"."id" ASC LIMIT 1[0m  [["id", 1]]
  [1m[35mSQL (0.1ms)[0m  INSERT INTO "plutus_amounts" ("account_id", "amount", "tenant_id", "transaction_id", "type") VALUES (?, ?, ?, ?, ?)  [["account_id", 3], ["amount", #<BigDecimal:10113b8c8,'0.5E1',9(27)>], ["tenant_id", 1], ["transaction_id", 1], ["type", "Plutus::CreditAmount"]]
  [1m[36mPlutus::Transaction Load (0.1ms)[0m  [1mSELECT "plutus_transactions".* FROM "plutus_transactions" WHERE "plutus_transactions"."tenant_id" = 1 AND "plutus_transactions"."id" = ? ORDER BY "plutus_transactions"."id" ASC LIMIT 1[0m  [["id", 1]]
  [1m[35mSQL (0.2ms)[0m  INSERT INTO "plutus_amounts" ("account_id", "amount", "tenant_id", "transaction_id", "type") VALUES (?, ?, ?, ?, ?)  [["account_id", 1], ["amount", #<BigDecimal:10111b2d0,'0.5E2',9(27)>], ["tenant_id", 1], ["transaction_id", 1], ["type", "Plutus::DebitAmount"]]
  [1m[36m (1.9ms)[0m  [1mcommit transaction[0m
  [1m[35mPlutus::Account Load (0.3ms)[0m  SELECT "plutus_accounts".* FROM "plutus_accounts" WHERE "plutus_accounts"."name" = 'Drawing' LIMIT 1
  [1m[36mPlutus::Account Load (0.2ms)[0m  [1mSELECT "plutus_accounts".* FROM "plutus_accounts" WHERE "plutus_accounts"."name" = 'Cash' LIMIT 1[0m
  [1m[35m (0.2ms)[0m  begin transaction
  [1m[36mSQL (0.9ms)[0m  [1mINSERT INTO "plutus_transactions" ("created_at", "description", "tenant_id", "updated_at") VALUES (?, ?, ?, ?)[0m  [["created_at", Thu, 13 Feb 2014 19:03:15 UTC +00:00], ["description", "Owner withdrawing cash"], ["tenant_id", 1], ["updated_at", Thu, 13 Feb 2014 19:03:15 UTC +00:00]]
  [1m[35mPlutus::Transaction Load (0.2ms)[0m  SELECT "plutus_transactions".* FROM "plutus_transactions" WHERE "plutus_transactions"."tenant_id" = 1 AND "plutus_transactions"."id" = ? ORDER BY "plutus_transactions"."id" ASC LIMIT 1  [["id", 2]]
  [1m[36mSQL (0.3ms)[0m  [1mINSERT INTO "plutus_amounts" ("account_id", "amount", "tenant_id", "transaction_id", "type") VALUES (?, ?, ?, ?, ?)[0m  [["account_id", 5], ["amount", #<BigDecimal:103082088,'0.1E4',9(27)>], ["tenant_id", 1], ["transaction_id", 2], ["type", "Plutus::CreditAmount"]]
  [1m[35mPlutus::Transaction Load (0.1ms)[0m  SELECT "plutus_transactions".* FROM "plutus_transactions" WHERE "plutus_transactions"."tenant_id" = 1 AND "plutus_transactions"."id" = ? ORDER BY "plutus_transactions"."id" ASC LIMIT 1  [["id", 2]]
  [1m[36mSQL (0.2ms)[0m  [1mINSERT INTO "plutus_amounts" ("account_id", "amount", "tenant_id", "transaction_id", "type") VALUES (?, ?, ?, ?, ?)[0m  [["account_id", 4], ["amount", #<BigDecimal:103081700,'0.1E4',9(27)>], ["tenant_id", 1], ["transaction_id", 2], ["type", "Plutus::DebitAmount"]]
  [1m[35m (3.6ms)[0m  commit transaction
  [1m[36mTenant Load (0.3ms)[0m  [1mSELECT "tenants".* FROM "tenants" ORDER BY "tenants"."id" DESC LIMIT 1[0m
  [1m[35mPlutus::Account Load (0.3ms)[0m  SELECT "plutus_accounts".* FROM "plutus_accounts" WHERE "plutus_accounts"."name" = 'Accounts Receivable' LIMIT 1
  [1m[36mPlutus::Account Load (0.2ms)[0m  [1mSELECT "plutus_accounts".* FROM "plutus_accounts" WHERE "plutus_accounts"."name" = 'Sales Revenue' LIMIT 1[0m
  [1m[35mPlutus::Account Load (0.2ms)[0m  SELECT "plutus_accounts".* FROM "plutus_accounts" WHERE "plutus_accounts"."name" = 'Sales Tax Payable' LIMIT 1
  [1m[36m (0.1ms)[0m  [1mbegin transaction[0m
  [1m[35mSQL (1.1ms)[0m  INSERT INTO "plutus_transactions" ("created_at", "description", "tenant_id", "updated_at") VALUES (?, ?, ?, ?)  [["created_at", Thu, 13 Feb 2014 19:04:09 UTC +00:00], ["description", "Sold some widgets"], ["tenant_id", 2], ["updated_at", Thu, 13 Feb 2014 19:04:09 UTC +00:00]]
  [1m[36mPlutus::Transaction Load (0.2ms)[0m  [1mSELECT "plutus_transactions".* FROM "plutus_transactions" WHERE "plutus_transactions"."tenant_id" = 2 AND "plutus_transactions"."id" = ? ORDER BY "plutus_transactions"."id" ASC LIMIT 1[0m  [["id", 3]]
  [1m[35mSQL (0.3ms)[0m  INSERT INTO "plutus_amounts" ("account_id", "amount", "tenant_id", "transaction_id", "type") VALUES (?, ?, ?, ?, ?)  [["account_id", 2], ["amount", #<BigDecimal:1014b02b0,'0.9E2',9(27)>], ["tenant_id", 2], ["transaction_id", 3], ["type", "Plutus::CreditAmount"]]
  [1m[36mPlutus::Transaction Load (0.1ms)[0m  [1mSELECT "plutus_transactions".* FROM "plutus_transactions" WHERE "plutus_transactions"."tenant_id" = 2 AND "plutus_transactions"."id" = ? ORDER BY "plutus_transactions"."id" ASC LIMIT 1[0m  [["id", 3]]
  [1m[35mSQL (0.1ms)[0m  INSERT INTO "plutus_amounts" ("account_id", "amount", "tenant_id", "transaction_id", "type") VALUES (?, ?, ?, ?, ?)  [["account_id", 3], ["amount", #<BigDecimal:1014aa4c8,'0.1E2',9(27)>], ["tenant_id", 2], ["transaction_id", 3], ["type", "Plutus::CreditAmount"]]
  [1m[36mPlutus::Transaction Load (0.1ms)[0m  [1mSELECT "plutus_transactions".* FROM "plutus_transactions" WHERE "plutus_transactions"."tenant_id" = 2 AND "plutus_transactions"."id" = ? ORDER BY "plutus_transactions"."id" ASC LIMIT 1[0m  [["id", 3]]
  [1m[35mSQL (0.1ms)[0m  INSERT INTO "plutus_amounts" ("account_id", "amount", "tenant_id", "transaction_id", "type") VALUES (?, ?, ?, ?, ?)  [["account_id", 1], ["amount", #<BigDecimal:1014a90c8,'0.1E3',9(27)>], ["tenant_id", 2], ["transaction_id", 3], ["type", "Plutus::DebitAmount"]]
  [1m[36m (4.1ms)[0m  [1mcommit transaction[0m
  [1m[35mPlutus::Account Load (0.3ms)[0m  SELECT "plutus_accounts".* FROM "plutus_accounts" WHERE "plutus_accounts"."name" = 'Drawing' LIMIT 1
  [1m[36mPlutus::Account Load (0.2ms)[0m  [1mSELECT "plutus_accounts".* FROM "plutus_accounts" WHERE "plutus_accounts"."name" = 'Cash' LIMIT 1[0m
  [1m[35m (0.1ms)[0m  begin transaction
  [1m[36mSQL (0.6ms)[0m  [1mINSERT INTO "plutus_transactions" ("created_at", "description", "tenant_id", "updated_at") VALUES (?, ?, ?, ?)[0m  [["created_at", Thu, 13 Feb 2014 19:04:09 UTC +00:00], ["description", "Owner withdrawing cash"], ["tenant_id", 2], ["updated_at", Thu, 13 Feb 2014 19:04:09 UTC +00:00]]
  [1m[35mPlutus::Transaction Load (0.1ms)[0m  SELECT "plutus_transactions".* FROM "plutus_transactions" WHERE "plutus_transactions"."tenant_id" = 2 AND "plutus_transactions"."id" = ? ORDER BY "plutus_transactions"."id" ASC LIMIT 1  [["id", 4]]
  [1m[36mSQL (0.9ms)[0m  [1mINSERT INTO "plutus_amounts" ("account_id", "amount", "tenant_id", "transaction_id", "type") VALUES (?, ?, ?, ?, ?)[0m  [["account_id", 5], ["amount", #<BigDecimal:1025a40d0,'0.5E3',9(27)>], ["tenant_id", 2], ["transaction_id", 4], ["type", "Plutus::CreditAmount"]]
  [1m[35mPlutus::Transaction Load (0.1ms)[0m  SELECT "plutus_transactions".* FROM "plutus_transactions" WHERE "plutus_transactions"."tenant_id" = 2 AND "plutus_transactions"."id" = ? ORDER BY "plutus_transactions"."id" ASC LIMIT 1  [["id", 4]]
  [1m[36mSQL (0.1ms)[0m  [1mINSERT INTO "plutus_amounts" ("account_id", "amount", "tenant_id", "transaction_id", "type") VALUES (?, ?, ?, ?, ?)[0m  [["account_id", 4], ["amount", #<BigDecimal:102596b38,'0.5E3',9(27)>], ["tenant_id", 2], ["transaction_id", 4], ["type", "Plutus::DebitAmount"]]
  [1m[35m (7.7ms)[0m  commit transaction


Started GET "/plutus/accounts" for 127.0.0.1 at 2014-02-13 13:04:34 -0600
  [1m[36mActiveRecord::SchemaMigration Load (0.2ms)[0m  [1mSELECT "schema_migrations".* FROM "schema_migrations"[0m
Processing by Plutus::AccountsController#index as HTML
  [1m[35mTenant Load (0.2ms)[0m  SELECT "tenants".* FROM "tenants" WHERE "tenants"."subdomain" = 'cust1' ORDER BY "tenants"."id" ASC LIMIT 1
  [1m[36mPlutus::Account Load (0.3ms)[0m  [1mSELECT "plutus_accounts".* FROM "plutus_accounts"[0m
  [1m[35mPlutus::CreditAmount Load (3.4ms)[0m  SELECT "plutus_amounts".* FROM "plutus_amounts" WHERE "plutus_amounts"."tenant_id" = 1 AND "plutus_amounts"."type" IN ('Plutus::CreditAmount') AND "plutus_amounts"."account_id" = ?  [["account_id", 1]]
  [1m[36mPlutus::DebitAmount Load (0.4ms)[0m  [1mSELECT "plutus_amounts".* FROM "plutus_amounts" WHERE "plutus_amounts"."tenant_id" = 1 AND "plutus_amounts"."type" IN ('Plutus::DebitAmount') AND "plutus_amounts"."account_id" = ?[0m  [["account_id", 1]]
  [1m[35mPlutus::CreditAmount Load (0.3ms)[0m  SELECT "plutus_amounts".* FROM "plutus_amounts" WHERE "plutus_amounts"."tenant_id" = 1 AND "plutus_amounts"."type" IN ('Plutus::CreditAmount') AND "plutus_amounts"."account_id" = ?  [["account_id", 2]]
  [1m[36mPlutus::DebitAmount Load (0.2ms)[0m  [1mSELECT "plutus_amounts".* FROM "plutus_amounts" WHERE "plutus_amounts"."tenant_id" = 1 AND "plutus_amounts"."type" IN ('Plutus::DebitAmount') AND "plutus_amounts"."account_id" = ?[0m  [["account_id", 2]]
  [1m[35mPlutus::CreditAmount Load (0.2ms)[0m  SELECT "plutus_amounts".* FROM "plutus_amounts" WHERE "plutus_amounts"."tenant_id" = 1 AND "plutus_amounts"."type" IN ('Plutus::CreditAmount') AND "plutus_amounts"."account_id" = ?  [["account_id", 3]]
  [1m[36mPlutus::DebitAmount Load (0.2ms)[0m  [1mSELECT "plutus_amounts".* FROM "plutus_amounts" WHERE "plutus_amounts"."tenant_id" = 1 AND "plutus_amounts"."type" IN ('Plutus::DebitAmount') AND "plutus_amounts"."account_id" = ?[0m  [["account_id", 3]]
  [1m[35mPlutus::CreditAmount Load (0.3ms)[0m  SELECT "plutus_amounts".* FROM "plutus_amounts" WHERE "plutus_amounts"."tenant_id" = 1 AND "plutus_amounts"."type" IN ('Plutus::CreditAmount') AND "plutus_amounts"."account_id" = ?  [["account_id", 4]]
  [1m[36mPlutus::DebitAmount Load (0.2ms)[0m  [1mSELECT "plutus_amounts".* FROM "plutus_amounts" WHERE "plutus_amounts"."tenant_id" = 1 AND "plutus_amounts"."type" IN ('Plutus::DebitAmount') AND "plutus_amounts"."account_id" = ?[0m  [["account_id", 4]]
  [1m[35mPlutus::CreditAmount Load (0.3ms)[0m  SELECT "plutus_amounts".* FROM "plutus_amounts" WHERE "plutus_amounts"."tenant_id" = 1 AND "plutus_amounts"."type" IN ('Plutus::CreditAmount') AND "plutus_amounts"."account_id" = ?  [["account_id", 5]]
  [1m[36mPlutus::DebitAmount Load (0.2ms)[0m  [1mSELECT "plutus_amounts".* FROM "plutus_amounts" WHERE "plutus_amounts"."tenant_id" = 1 AND "plutus_amounts"."type" IN ('Plutus::DebitAmount') AND "plutus_amounts"."account_id" = ?[0m  [["account_id", 5]]
  Rendered /Users/salex/Work/oplutus/app/views/plutus/accounts/index.html.erb within layouts/application (159.2ms)
Completed 200 OK in 259ms (Views: 226.4ms | ActiveRecord: 7.4ms)


Started GET "/plutus/accounts" for 127.0.0.1 at 2014-02-13 13:04:34 -0600
Processing by Plutus::AccountsController#index as HTML
  [1m[35mTenant Load (0.2ms)[0m  SELECT "tenants".* FROM "tenants" WHERE "tenants"."subdomain" = 'cust1' ORDER BY "tenants"."id" ASC LIMIT 1
  [1m[36mPlutus::Account Load (0.2ms)[0m  [1mSELECT "plutus_accounts".* FROM "plutus_accounts"[0m
  [1m[35mPlutus::CreditAmount Load (0.7ms)[0m  SELECT "plutus_amounts".* FROM "plutus_amounts" WHERE "plutus_amounts"."tenant_id" = 1 AND "plutus_amounts"."type" IN ('Plutus::CreditAmount') AND "plutus_amounts"."account_id" = ?  [["account_id", 1]]
  [1m[36mPlutus::DebitAmount Load (0.2ms)[0m  [1mSELECT "plutus_amounts".* FROM "plutus_amounts" WHERE "plutus_amounts"."tenant_id" = 1 AND "plutus_amounts"."type" IN ('Plutus::DebitAmount') AND "plutus_amounts"."account_id" = ?[0m  [["account_id", 1]]
  [1m[35mPlutus::CreditAmount Load (0.2ms)[0m  SELECT "plutus_amounts".* FROM "plutus_amounts" WHERE "plutus_amounts"."tenant_id" = 1 AND "plutus_amounts"."type" IN ('Plutus::CreditAmount') AND "plutus_amounts"."account_id" = ?  [["account_id", 2]]
  [1m[36mPlutus::DebitAmount Load (0.2ms)[0m  [1mSELECT "plutus_amounts".* FROM "plutus_amounts" WHERE "plutus_amounts"."tenant_id" = 1 AND "plutus_amounts"."type" IN ('Plutus::DebitAmount') AND "plutus_amounts"."account_id" = ?[0m  [["account_id", 2]]
  [1m[35mPlutus::CreditAmount Load (0.2ms)[0m  SELECT "plutus_amounts".* FROM "plutus_amounts" WHERE "plutus_amounts"."tenant_id" = 1 AND "plutus_amounts"."type" IN ('Plutus::CreditAmount') AND "plutus_amounts"."account_id" = ?  [["account_id", 3]]
  [1m[36mPlutus::DebitAmount Load (0.2ms)[0m  [1mSELECT "plutus_amounts".* FROM "plutus_amounts" WHERE "plutus_amounts"."tenant_id" = 1 AND "plutus_amounts"."type" IN ('Plutus::DebitAmount') AND "plutus_amounts"."account_id" = ?[0m  [["account_id", 3]]
  [1m[35mPlutus::CreditAmount Load (0.2ms)[0m  SELECT "plutus_amounts".* FROM "plutus_amounts" WHERE "plutus_amounts"."tenant_id" = 1 AND "plutus_amounts"."type" IN ('Plutus::CreditAmount') AND "plutus_amounts"."account_id" = ?  [["account_id", 4]]
  [1m[36mPlutus::DebitAmount Load (0.2ms)[0m  [1mSELECT "plutus_amounts".* FROM "plutus_amounts" WHERE "plutus_amounts"."tenant_id" = 1 AND "plutus_amounts"."type" IN ('Plutus::DebitAmount') AND "plutus_amounts"."account_id" = ?[0m  [["account_id", 4]]
  [1m[35mPlutus::CreditAmount Load (0.3ms)[0m  SELECT "plutus_amounts".* FROM "plutus_amounts" WHERE "plutus_amounts"."tenant_id" = 1 AND "plutus_amounts"."type" IN ('Plutus::CreditAmount') AND "plutus_amounts"."account_id" = ?  [["account_id", 5]]
  [1m[36mPlutus::DebitAmount Load (0.2ms)[0m  [1mSELECT "plutus_amounts".* FROM "plutus_amounts" WHERE "plutus_amounts"."tenant_id" = 1 AND "plutus_amounts"."type" IN ('Plutus::DebitAmount') AND "plutus_amounts"."account_id" = ?[0m  [["account_id", 5]]
  Rendered /Users/salex/Work/oplutus/app/views/plutus/accounts/index.html.erb within layouts/application (31.2ms)
Completed 200 OK in 39ms (Views: 34.4ms | ActiveRecord: 3.0ms)


Started GET "/assets/application.css?body=1" for 127.0.0.1 at 2014-02-13 13:04:34 -0600


Started GET "/assets/tenants.css?body=1" for 127.0.0.1 at 2014-02-13 13:04:34 -0600


Started GET "/assets/application.js?body=1" for 127.0.0.1 at 2014-02-13 13:04:34 -0600


Started GET "/assets/scaffold.css?body=1" for 127.0.0.1 at 2014-02-13 13:04:34 -0600


Started GET "/assets/tenants.js?body=1" for 127.0.0.1 at 2014-02-13 13:04:34 -0600


Started GET "/plutus/accounts" for 127.0.0.1 at 2014-02-13 13:04:46 -0600
Processing by Plutus::AccountsController#index as HTML
  [1m[35mTenant Load (0.3ms)[0m  SELECT "tenants".* FROM "tenants" WHERE "tenants"."subdomain" = 'cust2' ORDER BY "tenants"."id" ASC LIMIT 1
  [1m[36mPlutus::Account Load (0.2ms)[0m  [1mSELECT "plutus_accounts".* FROM "plutus_accounts"[0m
  [1m[35mPlutus::CreditAmount Load (0.5ms)[0m  SELECT "plutus_amounts".* FROM "plutus_amounts" WHERE "plutus_amounts"."tenant_id" = 2 AND "plutus_amounts"."type" IN ('Plutus::CreditAmount') AND "plutus_amounts"."account_id" = ?  [["account_id", 1]]
  [1m[36mPlutus::DebitAmount Load (0.3ms)[0m  [1mSELECT "plutus_amounts".* FROM "plutus_amounts" WHERE "plutus_amounts"."tenant_id" = 2 AND "plutus_amounts"."type" IN ('Plutus::DebitAmount') AND "plutus_amounts"."account_id" = ?[0m  [["account_id", 1]]
  [1m[35mPlutus::CreditAmount Load (0.2ms)[0m  SELECT "plutus_amounts".* FROM "plutus_amounts" WHERE "plutus_amounts"."tenant_id" = 2 AND "plutus_amounts"."type" IN ('Plutus::CreditAmount') AND "plutus_amounts"."account_id" = ?  [["account_id", 2]]
  [1m[36mPlutus::DebitAmount Load (0.2ms)[0m  [1mSELECT "plutus_amounts".* FROM "plutus_amounts" WHERE "plutus_amounts"."tenant_id" = 2 AND "plutus_amounts"."type" IN ('Plutus::DebitAmount') AND "plutus_amounts"."account_id" = ?[0m  [["account_id", 2]]
  [1m[35mPlutus::CreditAmount Load (0.2ms)[0m  SELECT "plutus_amounts".* FROM "plutus_amounts" WHERE "plutus_amounts"."tenant_id" = 2 AND "plutus_amounts"."type" IN ('Plutus::CreditAmount') AND "plutus_amounts"."account_id" = ?  [["account_id", 3]]
  [1m[36mPlutus::DebitAmount Load (0.2ms)[0m  [1mSELECT "plutus_amounts".* FROM "plutus_amounts" WHERE "plutus_amounts"."tenant_id" = 2 AND "plutus_amounts"."type" IN ('Plutus::DebitAmount') AND "plutus_amounts"."account_id" = ?[0m  [["account_id", 3]]
  [1m[35mPlutus::CreditAmount Load (0.2ms)[0m  SELECT "plutus_amounts".* FROM "plutus_amounts" WHERE "plutus_amounts"."tenant_id" = 2 AND "plutus_amounts"."type" IN ('Plutus::CreditAmount') AND "plutus_amounts"."account_id" = ?  [["account_id", 4]]
  [1m[36mPlutus::DebitAmount Load (0.2ms)[0m  [1mSELECT "plutus_amounts".* FROM "plutus_amounts" WHERE "plutus_amounts"."tenant_id" = 2 AND "plutus_amounts"."type" IN ('Plutus::DebitAmount') AND "plutus_amounts"."account_id" = ?[0m  [["account_id", 4]]
  [1m[35mPlutus::CreditAmount Load (0.3ms)[0m  SELECT "plutus_amounts".* FROM "plutus_amounts" WHERE "plutus_amounts"."tenant_id" = 2 AND "plutus_amounts"."type" IN ('Plutus::CreditAmount') AND "plutus_amounts"."account_id" = ?  [["account_id", 5]]
  [1m[36mPlutus::DebitAmount Load (0.2ms)[0m  [1mSELECT "plutus_amounts".* FROM "plutus_amounts" WHERE "plutus_amounts"."tenant_id" = 2 AND "plutus_amounts"."type" IN ('Plutus::DebitAmount') AND "plutus_amounts"."account_id" = ?[0m  [["account_id", 5]]
  Rendered /Users/salex/Work/oplutus/app/views/plutus/accounts/index.html.erb within layouts/application (33.2ms)
Completed 200 OK in 41ms (Views: 36.9ms | ActiveRecord: 2.9ms)


Started GET "/assets/application.css?body=1" for 127.0.0.1 at 2014-02-13 13:04:46 -0600


Started GET "/assets/scaffold.css?body=1" for 127.0.0.1 at 2014-02-13 13:04:46 -0600


Started GET "/assets/tenants.css?body=1" for 127.0.0.1 at 2014-02-13 13:04:46 -0600


Started GET "/assets/tenants.js?body=1" for 127.0.0.1 at 2014-02-13 13:04:46 -0600


Started GET "/assets/application.js?body=1" for 127.0.0.1 at 2014-02-13 13:04:46 -0600
  [1m[36m (1.7ms)[0m  [1mCREATE TABLE "plutus_accounts" ("id" INTEGER PRIMARY KEY AUTOINCREMENT NOT NULL, "name" varchar(255), "type" varchar(255), "contra" boolean DEFAULT 'f', "tenant_id" integer, "created_at" datetime, "updated_at" datetime) [0m
  [1m[35m (1.3ms)[0m  CREATE INDEX "index_plutus_accounts_on_name_and_type" ON "plutus_accounts" ("name", "type")
  [1m[36m (1.3ms)[0m  [1mCREATE INDEX "index_plutus_accounts_on_tenant_id" ON "plutus_accounts" ("tenant_id")[0m
  [1m[35m (1.3ms)[0m  CREATE TABLE "plutus_amounts" ("id" INTEGER PRIMARY KEY AUTOINCREMENT NOT NULL, "type" varchar(255), "account_id" integer, "transaction_id" integer, "amount" decimal(20,10), "tenant_id" integer) 
  [1m[36m (1.2ms)[0m  [1mCREATE INDEX "index_plutus_amounts_on_account_id_and_transaction_id" ON "plutus_amounts" ("account_id", "transaction_id")[0m
  [1m[35m (1.0ms)[0m  CREATE INDEX "index_plutus_amounts_on_tenant_id" ON "plutus_amounts" ("tenant_id")
  [1m[36m (1.3ms)[0m  [1mCREATE INDEX "index_plutus_amounts_on_transaction_id_and_account_id" ON "plutus_amounts" ("transaction_id", "account_id")[0m
  [1m[35m (1.4ms)[0m  CREATE INDEX "index_plutus_amounts_on_type" ON "plutus_amounts" ("type")
  [1m[36m (2.2ms)[0m  [1mCREATE TABLE "plutus_transactions" ("id" INTEGER PRIMARY KEY AUTOINCREMENT NOT NULL, "description" varchar(255), "commercial_document_id" integer, "commercial_document_type" varchar(255), "tenant_id" integer, "created_at" datetime, "updated_at" datetime) [0m
  [1m[35m (1.3ms)[0m  CREATE INDEX "index_transactions_on_commercial_doc" ON "plutus_transactions" ("commercial_document_id", "commercial_document_type")
  [1m[36m (1.5ms)[0m  [1mCREATE INDEX "index_plutus_transactions_on_tenant_id" ON "plutus_transactions" ("tenant_id")[0m
  [1m[35m (1.3ms)[0m  CREATE TABLE "tenants" ("id" INTEGER PRIMARY KEY AUTOINCREMENT NOT NULL, "name" varchar(255), "subdomain" varchar(255), "created_at" datetime, "updated_at" datetime) 
  [1m[36m (1.3ms)[0m  [1mCREATE TABLE "schema_migrations" ("version" varchar(255) NOT NULL) [0m
  [1m[35m (1.3ms)[0m  CREATE UNIQUE INDEX "unique_schema_migrations" ON "schema_migrations" ("version")
  [1m[36m (0.1ms)[0m  [1mSELECT version FROM "schema_migrations"[0m
  [1m[35m (1.1ms)[0m  INSERT INTO "schema_migrations" (version) VALUES ('20140213180905')
  [1m[36m (1.8ms)[0m  [1mINSERT INTO "schema_migrations" (version) VALUES ('20140213180810')[0m
  [1m[35mActiveRecord::SchemaMigration Load (0.2ms)[0m  SELECT "schema_migrations".* FROM "schema_migrations"
  [1m[36mTenant Load (2.8ms)[0m  [1mSELECT "tenants".* FROM "tenants"[0m
  [1m[36mActiveRecord::SchemaMigration Load (0.6ms)[0m  [1mSELECT "schema_migrations".* FROM "schema_migrations"[0m
  [1m[36mTenant Load (2.4ms)[0m  [1mSELECT "tenants".* FROM "tenants"[0m
  [1m[36m (1.5ms)[0m  [1mCREATE TABLE "plutus_accounts" ("id" INTEGER PRIMARY KEY AUTOINCREMENT NOT NULL, "name" varchar(255), "type" varchar(255), "contra" boolean DEFAULT 'f', "tenant_id" integer, "created_at" datetime, "updated_at" datetime) [0m
  [1m[35m (1.3ms)[0m  CREATE INDEX "index_plutus_accounts_on_name_and_type" ON "plutus_accounts" ("name", "type")
  [1m[36m (1.4ms)[0m  [1mCREATE INDEX "index_plutus_accounts_on_tenant_id" ON "plutus_accounts" ("tenant_id")[0m
  [1m[35m (1.3ms)[0m  CREATE TABLE "plutus_amounts" ("id" INTEGER PRIMARY KEY AUTOINCREMENT NOT NULL, "type" varchar(255), "account_id" integer, "transaction_id" integer, "amount" decimal(20,10), "tenant_id" integer) 
  [1m[36m (1.3ms)[0m  [1mCREATE INDEX "index_plutus_amounts_on_account_id_and_transaction_id" ON "plutus_amounts" ("account_id", "transaction_id")[0m
  [1m[35m (1.7ms)[0m  CREATE INDEX "index_plutus_amounts_on_tenant_id" ON "plutus_amounts" ("tenant_id")
  [1m[36m (4.1ms)[0m  [1mCREATE INDEX "index_plutus_amounts_on_transaction_id_and_account_id" ON "plutus_amounts" ("transaction_id", "account_id")[0m
  [1m[35m (1.5ms)[0m  CREATE INDEX "index_plutus_amounts_on_type" ON "plutus_amounts" ("type")
  [1m[36m (1.0ms)[0m  [1mCREATE TABLE "plutus_transactions" ("id" INTEGER PRIMARY KEY AUTOINCREMENT NOT NULL, "description" varchar(255), "commercial_document_id" integer, "commercial_document_type" varchar(255), "tenant_id" integer, "created_at" datetime, "updated_at" datetime) [0m
  [1m[35m (1.6ms)[0m  CREATE INDEX "index_transactions_on_commercial_doc" ON "plutus_transactions" ("commercial_document_id", "commercial_document_type")
  [1m[36m (1.1ms)[0m  [1mCREATE INDEX "index_plutus_transactions_on_tenant_id" ON "plutus_transactions" ("tenant_id")[0m
  [1m[35m (1.2ms)[0m  CREATE TABLE "tenants" ("id" INTEGER PRIMARY KEY AUTOINCREMENT NOT NULL, "name" varchar(255), "subdomain" varchar(255), "created_at" datetime, "updated_at" datetime) 
  [1m[36m (1.0ms)[0m  [1mCREATE TABLE "schema_migrations" ("version" varchar(255) NOT NULL) [0m
  [1m[35m (1.4ms)[0m  CREATE UNIQUE INDEX "unique_schema_migrations" ON "schema_migrations" ("version")
  [1m[36m (0.1ms)[0m  [1mSELECT version FROM "schema_migrations"[0m
  [1m[35m (1.4ms)[0m  INSERT INTO "schema_migrations" (version) VALUES ('20140213180905')
  [1m[36m (1.4ms)[0m  [1mINSERT INTO "schema_migrations" (version) VALUES ('20140213180810')[0m
  [1m[35mActiveRecord::SchemaMigration Load (0.1ms)[0m  SELECT "schema_migrations".* FROM "schema_migrations"
  [1m[36m (4.1ms)[0m  [1mCREATE TABLE "plutus_accounts" ("id" INTEGER PRIMARY KEY AUTOINCREMENT NOT NULL, "name" varchar(255), "type" varchar(255), "contra" boolean DEFAULT 'f', "tenant_id" integer, "created_at" datetime, "updated_at" datetime) [0m
  [1m[35m (1.3ms)[0m  CREATE INDEX "index_plutus_accounts_on_name_and_type" ON "plutus_accounts" ("name", "type")
  [1m[36m (1.2ms)[0m  [1mCREATE INDEX "index_plutus_accounts_on_tenant_id" ON "plutus_accounts" ("tenant_id")[0m
  [1m[35m (1.3ms)[0m  CREATE TABLE "plutus_amounts" ("id" INTEGER PRIMARY KEY AUTOINCREMENT NOT NULL, "type" varchar(255), "account_id" integer, "transaction_id" integer, "amount" decimal(20,10), "tenant_id" integer) 
  [1m[36m (1.5ms)[0m  [1mCREATE INDEX "index_plutus_amounts_on_account_id_and_transaction_id" ON "plutus_amounts" ("account_id", "transaction_id")[0m
  [1m[35m (1.3ms)[0m  CREATE INDEX "index_plutus_amounts_on_tenant_id" ON "plutus_amounts" ("tenant_id")
  [1m[36m (1.3ms)[0m  [1mCREATE INDEX "index_plutus_amounts_on_transaction_id_and_account_id" ON "plutus_amounts" ("transaction_id", "account_id")[0m
  [1m[35m (1.4ms)[0m  CREATE INDEX "index_plutus_amounts_on_type" ON "plutus_amounts" ("type")
  [1m[36m (1.4ms)[0m  [1mCREATE TABLE "plutus_transactions" ("id" INTEGER PRIMARY KEY AUTOINCREMENT NOT NULL, "description" varchar(255), "commercial_document_id" integer, "commercial_document_type" varchar(255), "tenant_id" integer, "created_at" datetime, "updated_at" datetime) [0m
  [1m[35m (1.1ms)[0m  CREATE INDEX "index_transactions_on_commercial_doc" ON "plutus_transactions" ("commercial_document_id", "commercial_document_type")
  [1m[36m (1.3ms)[0m  [1mCREATE INDEX "index_plutus_transactions_on_tenant_id" ON "plutus_transactions" ("tenant_id")[0m
  [1m[35m (1.3ms)[0m  CREATE TABLE "tenants" ("id" INTEGER PRIMARY KEY AUTOINCREMENT NOT NULL, "name" varchar(255), "subdomain" varchar(255), "created_at" datetime, "updated_at" datetime) 
  [1m[36m (1.6ms)[0m  [1mCREATE TABLE "schema_migrations" ("version" varchar(255) NOT NULL) [0m
  [1m[35m (1.3ms)[0m  CREATE UNIQUE INDEX "unique_schema_migrations" ON "schema_migrations" ("version")
  [1m[36m (0.1ms)[0m  [1mSELECT version FROM "schema_migrations"[0m
  [1m[35m (1.3ms)[0m  INSERT INTO "schema_migrations" (version) VALUES ('20140213180905')
  [1m[36m (1.3ms)[0m  [1mINSERT INTO "schema_migrations" (version) VALUES ('20140213180810')[0m
  [1m[35mActiveRecord::SchemaMigration Load (0.1ms)[0m  SELECT "schema_migrations".* FROM "schema_migrations"
  [1m[36m (3.6ms)[0m  [1mCREATE TABLE "plutus_accounts" ("id" INTEGER PRIMARY KEY AUTOINCREMENT NOT NULL, "name" varchar(255), "type" varchar(255), "contra" boolean DEFAULT 'f', "tenant_id" integer, "created_at" datetime, "updated_at" datetime) [0m
  [1m[35m (1.3ms)[0m  CREATE INDEX "index_plutus_accounts_on_name_and_type" ON "plutus_accounts" ("name", "type")
  [1m[36m (1.2ms)[0m  [1mCREATE INDEX "index_plutus_accounts_on_tenant_id" ON "plutus_accounts" ("tenant_id")[0m
  [1m[35m (1.4ms)[0m  CREATE TABLE "plutus_amounts" ("id" INTEGER PRIMARY KEY AUTOINCREMENT NOT NULL, "type" varchar(255), "account_id" integer, "transaction_id" integer, "amount" decimal(20,10), "tenant_id" integer) 
  [1m[36m (1.3ms)[0m  [1mCREATE INDEX "index_plutus_amounts_on_account_id_and_transaction_id" ON "plutus_amounts" ("account_id", "transaction_id")[0m
  [1m[35m (1.3ms)[0m  CREATE INDEX "index_plutus_amounts_on_tenant_id" ON "plutus_amounts" ("tenant_id")
  [1m[36m (1.3ms)[0m  [1mCREATE INDEX "index_plutus_amounts_on_transaction_id_and_account_id" ON "plutus_amounts" ("transaction_id", "account_id")[0m
  [1m[35m (1.2ms)[0m  CREATE INDEX "index_plutus_amounts_on_type" ON "plutus_amounts" ("type")
  [1m[36m (1.3ms)[0m  [1mCREATE TABLE "plutus_transactions" ("id" INTEGER PRIMARY KEY AUTOINCREMENT NOT NULL, "description" varchar(255), "commercial_document_id" integer, "commercial_document_type" varchar(255), "tenant_id" integer, "created_at" datetime, "updated_at" datetime) [0m
  [1m[35m (2.0ms)[0m  CREATE INDEX "index_transactions_on_commercial_doc" ON "plutus_transactions" ("commercial_document_id", "commercial_document_type")
  [1m[36m (4.1ms)[0m  [1mCREATE INDEX "index_plutus_transactions_on_tenant_id" ON "plutus_transactions" ("tenant_id")[0m
  [1m[35m (1.4ms)[0m  CREATE TABLE "tenants" ("id" INTEGER PRIMARY KEY AUTOINCREMENT NOT NULL, "name" varchar(255), "subdomain" varchar(255), "created_at" datetime, "updated_at" datetime) 
  [1m[36m (1.6ms)[0m  [1mCREATE TABLE "schema_migrations" ("version" varchar(255) NOT NULL) [0m
  [1m[35m (1.0ms)[0m  CREATE UNIQUE INDEX "unique_schema_migrations" ON "schema_migrations" ("version")
  [1m[36m (0.2ms)[0m  [1mSELECT version FROM "schema_migrations"[0m
  [1m[35m (1.2ms)[0m  INSERT INTO "schema_migrations" (version) VALUES ('20140213180905')
  [1m[36m (1.1ms)[0m  [1mINSERT INTO "schema_migrations" (version) VALUES ('20140213180810')[0m
  [1m[35mActiveRecord::SchemaMigration Load (0.1ms)[0m  SELECT "schema_migrations".* FROM "schema_migrations"
  [1m[36m (4.1ms)[0m  [1mCREATE TABLE "plutus_accounts" ("id" INTEGER PRIMARY KEY AUTOINCREMENT NOT NULL, "name" varchar(255), "type" varchar(255), "contra" boolean DEFAULT 'f', "tenant_id" integer, "created_at" datetime, "updated_at" datetime) [0m
  [1m[35m (1.3ms)[0m  CREATE INDEX "index_plutus_accounts_on_name_and_type" ON "plutus_accounts" ("name", "type")
  [1m[36m (1.2ms)[0m  [1mCREATE INDEX "index_plutus_accounts_on_tenant_id" ON "plutus_accounts" ("tenant_id")[0m
  [1m[35m (1.0ms)[0m  CREATE TABLE "plutus_amounts" ("id" INTEGER PRIMARY KEY AUTOINCREMENT NOT NULL, "type" varchar(255), "account_id" integer, "transaction_id" integer, "amount" decimal(20,10), "tenant_id" integer) 
  [1m[36m (1.4ms)[0m  [1mCREATE INDEX "index_plutus_amounts_on_account_id_and_transaction_id" ON "plutus_amounts" ("account_id", "transaction_id")[0m
  [1m[35m (1.8ms)[0m  CREATE INDEX "index_plutus_amounts_on_tenant_id" ON "plutus_amounts" ("tenant_id")
  [1m[36m (1.1ms)[0m  [1mCREATE INDEX "index_plutus_amounts_on_transaction_id_and_account_id" ON "plutus_amounts" ("transaction_id", "account_id")[0m
  [1m[35m (1.6ms)[0m  CREATE INDEX "index_plutus_amounts_on_type" ON "plutus_amounts" ("type")
  [1m[36m (1.3ms)[0m  [1mCREATE TABLE "plutus_transactions" ("id" INTEGER PRIMARY KEY AUTOINCREMENT NOT NULL, "description" varchar(255), "commercial_document_id" integer, "commercial_document_type" varchar(255), "tenant_id" integer, "created_at" datetime, "updated_at" datetime) [0m
  [1m[35m (1.3ms)[0m  CREATE INDEX "index_transactions_on_commercial_doc" ON "plutus_transactions" ("commercial_document_id", "commercial_document_type")
  [1m[36m (1.1ms)[0m  [1mCREATE INDEX "index_plutus_transactions_on_tenant_id" ON "plutus_transactions" ("tenant_id")[0m
  [1m[35m (1.2ms)[0m  CREATE TABLE "tenants" ("id" INTEGER PRIMARY KEY AUTOINCREMENT NOT NULL, "name" varchar(255), "subdomain" varchar(255), "created_at" datetime, "updated_at" datetime) 
  [1m[36m (1.1ms)[0m  [1mCREATE TABLE "schema_migrations" ("version" varchar(255) NOT NULL) [0m
  [1m[35m (1.2ms)[0m  CREATE UNIQUE INDEX "unique_schema_migrations" ON "schema_migrations" ("version")
  [1m[36m (0.1ms)[0m  [1mSELECT version FROM "schema_migrations"[0m
  [1m[35m (1.2ms)[0m  INSERT INTO "schema_migrations" (version) VALUES ('20140213180905')
  [1m[36m (1.3ms)[0m  [1mINSERT INTO "schema_migrations" (version) VALUES ('20140213180810')[0m
  [1m[35mActiveRecord::SchemaMigration Load (0.2ms)[0m  SELECT "schema_migrations".* FROM "schema_migrations"
  [1m[36m (0.1ms)[0m  [1mbegin transaction[0m
  [1m[35mSQL (3.0ms)[0m  INSERT INTO "tenants" ("created_at", "name", "subdomain", "updated_at") VALUES (?, ?, ?, ?)  [["created_at", Thu, 13 Feb 2014 19:48:09 UTC +00:00], ["name", "Customer 1"], ["subdomain", "cust1"], ["updated_at", Thu, 13 Feb 2014 19:48:09 UTC +00:00]]
  [1m[36m (1.2ms)[0m  [1mcommit transaction[0m
  [1m[35m (0.1ms)[0m  begin transaction
  [1m[36mSQL (0.4ms)[0m  [1mINSERT INTO "tenants" ("created_at", "name", "subdomain", "updated_at") VALUES (?, ?, ?, ?)[0m  [["created_at", Thu, 13 Feb 2014 19:48:09 UTC +00:00], ["name", "Customer 2"], ["subdomain", "cust2"], ["updated_at", Thu, 13 Feb 2014 19:48:09 UTC +00:00]]
  [1m[35m (1.0ms)[0m  commit transaction
  [1m[36m (0.1ms)[0m  [1mbegin transaction[0m
  [1m[35mPlutus::Account Exists (0.2ms)[0m  SELECT 1 AS one FROM "plutus_accounts" WHERE "plutus_accounts"."name" = 'Accounts Receivable' LIMIT 1
  [1m[36mSQL (0.6ms)[0m  [1mINSERT INTO "plutus_accounts" ("created_at", "name", "type", "updated_at") VALUES (?, ?, ?, ?)[0m  [["created_at", Thu, 13 Feb 2014 19:48:10 UTC +00:00], ["name", "Accounts Receivable"], ["type", "Plutus::Asset"], ["updated_at", Thu, 13 Feb 2014 19:48:10 UTC +00:00]]
  [1m[35m (1.3ms)[0m  commit transaction
  [1m[36m (0.1ms)[0m  [1mbegin transaction[0m
  [1m[35mPlutus::Account Exists (0.2ms)[0m  SELECT 1 AS one FROM "plutus_accounts" WHERE "plutus_accounts"."name" = 'Sales Revenue' LIMIT 1
  [1m[36mSQL (0.5ms)[0m  [1mINSERT INTO "plutus_accounts" ("created_at", "name", "type", "updated_at") VALUES (?, ?, ?, ?)[0m  [["created_at", Thu, 13 Feb 2014 19:48:10 UTC +00:00], ["name", "Sales Revenue"], ["type", "Plutus::Revenue"], ["updated_at", Thu, 13 Feb 2014 19:48:10 UTC +00:00]]
  [1m[35m (1.2ms)[0m  commit transaction
  [1m[36m (0.1ms)[0m  [1mbegin transaction[0m
  [1m[35mPlutus::Account Exists (0.2ms)[0m  SELECT 1 AS one FROM "plutus_accounts" WHERE "plutus_accounts"."name" = 'Sales Tax Payable' LIMIT 1
  [1m[36mSQL (0.5ms)[0m  [1mINSERT INTO "plutus_accounts" ("created_at", "name", "type", "updated_at") VALUES (?, ?, ?, ?)[0m  [["created_at", Thu, 13 Feb 2014 19:48:10 UTC +00:00], ["name", "Sales Tax Payable"], ["type", "Plutus::Liability"], ["updated_at", Thu, 13 Feb 2014 19:48:10 UTC +00:00]]
  [1m[35m (1.3ms)[0m  commit transaction
  [1m[36m (0.1ms)[0m  [1mbegin transaction[0m
  [1m[35mPlutus::Account Exists (0.2ms)[0m  SELECT 1 AS one FROM "plutus_accounts" WHERE "plutus_accounts"."name" = 'Drawing' LIMIT 1
  [1m[36mSQL (0.5ms)[0m  [1mINSERT INTO "plutus_accounts" ("contra", "created_at", "name", "type", "updated_at") VALUES (?, ?, ?, ?, ?)[0m  [["contra", true], ["created_at", Thu, 13 Feb 2014 19:48:10 UTC +00:00], ["name", "Drawing"], ["type", "Plutus::Equity"], ["updated_at", Thu, 13 Feb 2014 19:48:10 UTC +00:00]]
  [1m[35m (1.2ms)[0m  commit transaction
  [1m[36m (0.1ms)[0m  [1mbegin transaction[0m
  [1m[35mPlutus::Account Exists (0.1ms)[0m  SELECT 1 AS one FROM "plutus_accounts" WHERE "plutus_accounts"."name" = 'Cash' LIMIT 1
  [1m[36mSQL (0.4ms)[0m  [1mINSERT INTO "plutus_accounts" ("created_at", "name", "type", "updated_at") VALUES (?, ?, ?, ?)[0m  [["created_at", Thu, 13 Feb 2014 19:48:10 UTC +00:00], ["name", "Cash"], ["type", "Plutus::Asset"], ["updated_at", Thu, 13 Feb 2014 19:48:10 UTC +00:00]]
  [1m[35m (1.2ms)[0m  commit transaction
  [1m[36mTenant Load (0.2ms)[0m  [1mSELECT "tenants".* FROM "tenants" ORDER BY "tenants"."id" ASC LIMIT 1[0m
  [1m[35mPlutus::Account Load (0.2ms)[0m  SELECT "plutus_accounts".* FROM "plutus_accounts" WHERE "plutus_accounts"."name" = 'Accounts Receivable' LIMIT 1
  [1m[36mPlutus::Account Load (0.3ms)[0m  [1mSELECT "plutus_accounts".* FROM "plutus_accounts" WHERE "plutus_accounts"."name" = 'Sales Revenue' LIMIT 1[0m
  [1m[35mPlutus::Account Load (0.3ms)[0m  SELECT "plutus_accounts".* FROM "plutus_accounts" WHERE "plutus_accounts"."name" = 'Sales Tax Payable' LIMIT 1
  [1m[36m (0.1ms)[0m  [1mbegin transaction[0m
  [1m[35mSQL (0.6ms)[0m  INSERT INTO "plutus_transactions" ("created_at", "description", "tenant_id", "updated_at") VALUES (?, ?, ?, ?)  [["created_at", Thu, 13 Feb 2014 19:48:10 UTC +00:00], ["description", "cust1 Sold some widgets"], ["tenant_id", 1], ["updated_at", Thu, 13 Feb 2014 19:48:10 UTC +00:00]]
  [1m[36mPlutus::Transaction Load (0.2ms)[0m  [1mSELECT "plutus_transactions".* FROM "plutus_transactions" WHERE "plutus_transactions"."tenant_id" = 1 AND "plutus_transactions"."id" = ? ORDER BY "plutus_transactions"."id" ASC LIMIT 1[0m  [["id", 1]]
  [1m[35mSQL (0.4ms)[0m  INSERT INTO "plutus_amounts" ("account_id", "amount", "tenant_id", "transaction_id", "type") VALUES (?, ?, ?, ?, ?)  [["account_id", 2], ["amount", #<BigDecimal:1014f6490,'0.45E2',9(27)>], ["tenant_id", 1], ["transaction_id", 1], ["type", "Plutus::CreditAmount"]]
  [1m[36mPlutus::Transaction Load (0.1ms)[0m  [1mSELECT "plutus_transactions".* FROM "plutus_transactions" WHERE "plutus_transactions"."tenant_id" = 1 AND "plutus_transactions"."id" = ? ORDER BY "plutus_transactions"."id" ASC LIMIT 1[0m  [["id", 1]]
  [1m[35mSQL (0.1ms)[0m  INSERT INTO "plutus_amounts" ("account_id", "amount", "tenant_id", "transaction_id", "type") VALUES (?, ?, ?, ?, ?)  [["account_id", 3], ["amount", #<BigDecimal:1014eca58,'0.5E1',9(27)>], ["tenant_id", 1], ["transaction_id", 1], ["type", "Plutus::CreditAmount"]]
  [1m[36mPlutus::Transaction Load (0.1ms)[0m  [1mSELECT "plutus_transactions".* FROM "plutus_transactions" WHERE "plutus_transactions"."tenant_id" = 1 AND "plutus_transactions"."id" = ? ORDER BY "plutus_transactions"."id" ASC LIMIT 1[0m  [["id", 1]]
  [1m[35mSQL (0.1ms)[0m  INSERT INTO "plutus_amounts" ("account_id", "amount", "tenant_id", "transaction_id", "type") VALUES (?, ?, ?, ?, ?)  [["account_id", 1], ["amount", #<BigDecimal:1014d4278,'0.5E2',9(27)>], ["tenant_id", 1], ["transaction_id", 1], ["type", "Plutus::DebitAmount"]]
  [1m[36m (1.8ms)[0m  [1mcommit transaction[0m
  [1m[35mPlutus::Account Load (0.2ms)[0m  SELECT "plutus_accounts".* FROM "plutus_accounts" WHERE "plutus_accounts"."name" = 'Drawing' LIMIT 1
  [1m[36mPlutus::Account Load (0.2ms)[0m  [1mSELECT "plutus_accounts".* FROM "plutus_accounts" WHERE "plutus_accounts"."name" = 'Cash' LIMIT 1[0m
  [1m[35m (0.1ms)[0m  begin transaction
  [1m[36mSQL (0.6ms)[0m  [1mINSERT INTO "plutus_transactions" ("created_at", "description", "tenant_id", "updated_at") VALUES (?, ?, ?, ?)[0m  [["created_at", Thu, 13 Feb 2014 19:48:10 UTC +00:00], ["description", "cust1 Owner withdrawing cash"], ["tenant_id", 1], ["updated_at", Thu, 13 Feb 2014 19:48:10 UTC +00:00]]
  [1m[35mPlutus::Transaction Load (0.1ms)[0m  SELECT "plutus_transactions".* FROM "plutus_transactions" WHERE "plutus_transactions"."tenant_id" = 1 AND "plutus_transactions"."id" = ? ORDER BY "plutus_transactions"."id" ASC LIMIT 1  [["id", 2]]
  [1m[36mSQL (0.3ms)[0m  [1mINSERT INTO "plutus_amounts" ("account_id", "amount", "tenant_id", "transaction_id", "type") VALUES (?, ?, ?, ?, ?)[0m  [["account_id", 5], ["amount", #<BigDecimal:10129d770,'0.1E4',9(27)>], ["tenant_id", 1], ["transaction_id", 2], ["type", "Plutus::CreditAmount"]]
  [1m[35mPlutus::Transaction Load (0.1ms)[0m  SELECT "plutus_transactions".* FROM "plutus_transactions" WHERE "plutus_transactions"."tenant_id" = 1 AND "plutus_transactions"."id" = ? ORDER BY "plutus_transactions"."id" ASC LIMIT 1  [["id", 2]]
  [1m[36mSQL (0.1ms)[0m  [1mINSERT INTO "plutus_amounts" ("account_id", "amount", "tenant_id", "transaction_id", "type") VALUES (?, ?, ?, ?, ?)[0m  [["account_id", 4], ["amount", #<BigDecimal:101297c58,'0.1E4',9(27)>], ["tenant_id", 1], ["transaction_id", 2], ["type", "Plutus::DebitAmount"]]
  [1m[35m (2.3ms)[0m  commit transaction
  [1m[36mTenant Load (0.2ms)[0m  [1mSELECT "tenants".* FROM "tenants" ORDER BY "tenants"."id" DESC LIMIT 1[0m
  [1m[35mPlutus::Account Load (0.2ms)[0m  SELECT "plutus_accounts".* FROM "plutus_accounts" WHERE "plutus_accounts"."name" = 'Accounts Receivable' LIMIT 1
  [1m[36mPlutus::Account Load (0.2ms)[0m  [1mSELECT "plutus_accounts".* FROM "plutus_accounts" WHERE "plutus_accounts"."name" = 'Sales Revenue' LIMIT 1[0m
  [1m[35mPlutus::Account Load (0.2ms)[0m  SELECT "plutus_accounts".* FROM "plutus_accounts" WHERE "plutus_accounts"."name" = 'Sales Tax Payable' LIMIT 1
  [1m[36m (0.1ms)[0m  [1mbegin transaction[0m
  [1m[35mSQL (0.6ms)[0m  INSERT INTO "plutus_transactions" ("created_at", "description", "tenant_id", "updated_at") VALUES (?, ?, ?, ?)  [["created_at", Thu, 13 Feb 2014 19:48:10 UTC +00:00], ["description", "cust2 Sold some widgets"], ["tenant_id", 2], ["updated_at", Thu, 13 Feb 2014 19:48:10 UTC +00:00]]
  [1m[36mPlutus::Transaction Load (0.2ms)[0m  [1mSELECT "plutus_transactions".* FROM "plutus_transactions" WHERE "plutus_transactions"."tenant_id" = 2 AND "plutus_transactions"."id" = ? ORDER BY "plutus_transactions"."id" ASC LIMIT 1[0m  [["id", 3]]
  [1m[35mSQL (0.3ms)[0m  INSERT INTO "plutus_amounts" ("account_id", "amount", "tenant_id", "transaction_id", "type") VALUES (?, ?, ?, ?, ?)  [["account_id", 2], ["amount", #<BigDecimal:10189eae8,'0.9E2',9(27)>], ["tenant_id", 2], ["transaction_id", 3], ["type", "Plutus::CreditAmount"]]
  [1m[36mPlutus::Transaction Load (0.1ms)[0m  [1mSELECT "plutus_transactions".* FROM "plutus_transactions" WHERE "plutus_transactions"."tenant_id" = 2 AND "plutus_transactions"."id" = ? ORDER BY "plutus_transactions"."id" ASC LIMIT 1[0m  [["id", 3]]
  [1m[35mSQL (0.1ms)[0m  INSERT INTO "plutus_amounts" ("account_id", "amount", "tenant_id", "transaction_id", "type") VALUES (?, ?, ?, ?, ?)  [["account_id", 3], ["amount", #<BigDecimal:10187e9c8,'0.1E2',9(27)>], ["tenant_id", 2], ["transaction_id", 3], ["type", "Plutus::CreditAmount"]]
  [1m[36mPlutus::Transaction Load (0.1ms)[0m  [1mSELECT "plutus_transactions".* FROM "plutus_transactions" WHERE "plutus_transactions"."tenant_id" = 2 AND "plutus_transactions"."id" = ? ORDER BY "plutus_transactions"."id" ASC LIMIT 1[0m  [["id", 3]]
  [1m[35mSQL (0.1ms)[0m  INSERT INTO "plutus_amounts" ("account_id", "amount", "tenant_id", "transaction_id", "type") VALUES (?, ?, ?, ?, ?)  [["account_id", 1], ["amount", #<BigDecimal:101196020,'0.1E3',9(27)>], ["tenant_id", 2], ["transaction_id", 3], ["type", "Plutus::DebitAmount"]]
  [1m[36m (2.5ms)[0m  [1mcommit transaction[0m
  [1m[35mPlutus::Account Load (0.2ms)[0m  SELECT "plutus_accounts".* FROM "plutus_accounts" WHERE "plutus_accounts"."name" = 'Drawing' LIMIT 1
  [1m[36mPlutus::Account Load (0.2ms)[0m  [1mSELECT "plutus_accounts".* FROM "plutus_accounts" WHERE "plutus_accounts"."name" = 'Cash' LIMIT 1[0m
  [1m[35m (0.1ms)[0m  begin transaction
  [1m[36mSQL (0.5ms)[0m  [1mINSERT INTO "plutus_transactions" ("created_at", "description", "tenant_id", "updated_at") VALUES (?, ?, ?, ?)[0m  [["created_at", Thu, 13 Feb 2014 19:48:10 UTC +00:00], ["description", "cust2 Owner withdrawing cash"], ["tenant_id", 2], ["updated_at", Thu, 13 Feb 2014 19:48:10 UTC +00:00]]
  [1m[35mPlutus::Transaction Load (0.1ms)[0m  SELECT "plutus_transactions".* FROM "plutus_transactions" WHERE "plutus_transactions"."tenant_id" = 2 AND "plutus_transactions"."id" = ? ORDER BY "plutus_transactions"."id" ASC LIMIT 1  [["id", 4]]
  [1m[36mSQL (0.4ms)[0m  [1mINSERT INTO "plutus_amounts" ("account_id", "amount", "tenant_id", "transaction_id", "type") VALUES (?, ?, ?, ?, ?)[0m  [["account_id", 5], ["amount", #<BigDecimal:101b88088,'0.5E3',9(27)>], ["tenant_id", 2], ["transaction_id", 4], ["type", "Plutus::CreditAmount"]]
  [1m[35mPlutus::Transaction Load (0.1ms)[0m  SELECT "plutus_transactions".* FROM "plutus_transactions" WHERE "plutus_transactions"."tenant_id" = 2 AND "plutus_transactions"."id" = ? ORDER BY "plutus_transactions"."id" ASC LIMIT 1  [["id", 4]]
  [1m[36mSQL (0.1ms)[0m  [1mINSERT INTO "plutus_amounts" ("account_id", "amount", "tenant_id", "transaction_id", "type") VALUES (?, ?, ?, ?, ?)[0m  [["account_id", 4], ["amount", #<BigDecimal:101b937f8,'0.5E3',9(27)>], ["tenant_id", 2], ["transaction_id", 4], ["type", "Plutus::DebitAmount"]]
  [1m[35m (2.1ms)[0m  commit transaction
  [1m[36mTenant Load (2.1ms)[0m  [1mSELECT "tenants".* FROM "tenants"[0m
  [1m[35mPlutus::Account Load (0.4ms)[0m  SELECT "plutus_accounts".* FROM "plutus_accounts"


Started GET "/" for 127.0.0.1 at 2014-02-13 14:03:23 -0600
  [1m[36mActiveRecord::SchemaMigration Load (0.6ms)[0m  [1mSELECT "schema_migrations".* FROM "schema_migrations"[0m
Processing by TenantsController#index as HTML
  [1m[35mTenant Load (0.6ms)[0m  SELECT "tenants".* FROM "tenants" WHERE "tenants"."subdomain" = 'cust1' ORDER BY "tenants"."id" ASC LIMIT 1
  [1m[36mTenant Load (0.2ms)[0m  [1mSELECT "tenants".* FROM "tenants"[0m
  Rendered tenants/index.html.erb within layouts/application (11.2ms)
Completed 200 OK in 149ms (Views: 134.4ms | ActiveRecord: 1.3ms)


Started GET "/assets/application.css?body=1" for 127.0.0.1 at 2014-02-13 14:03:23 -0600


Started GET "/assets/application.js?body=1" for 127.0.0.1 at 2014-02-13 14:03:23 -0600


Started GET "/assets/tenants.css?body=1" for 127.0.0.1 at 2014-02-13 14:03:23 -0600


Started GET "/assets/scaffold.css?body=1" for 127.0.0.1 at 2014-02-13 14:03:23 -0600


Started GET "/assets/tenants.js?body=1" for 127.0.0.1 at 2014-02-13 14:03:23 -0600


Started GET "/" for 127.0.0.1 at 2014-02-13 14:03:25 -0600
Processing by TenantsController#index as HTML
  [1m[35mTenant Load (0.2ms)[0m  SELECT "tenants".* FROM "tenants" WHERE "tenants"."subdomain" = 'cust1' ORDER BY "tenants"."id" ASC LIMIT 1
  [1m[36mTenant Load (0.2ms)[0m  [1mSELECT "tenants".* FROM "tenants"[0m
  Rendered tenants/index.html.erb within layouts/application (2.6ms)
Completed 200 OK in 11ms (Views: 8.7ms | ActiveRecord: 0.4ms)


Started GET "/assets/scaffold.css?body=1" for 127.0.0.1 at 2014-02-13 14:03:25 -0600


Started GET "/assets/tenants.css?body=1" for 127.0.0.1 at 2014-02-13 14:03:25 -0600


Started GET "/assets/application.js?body=1" for 127.0.0.1 at 2014-02-13 14:03:25 -0600


Started GET "/assets/tenants.js?body=1" for 127.0.0.1 at 2014-02-13 14:03:25 -0600


Started GET "/assets/application.css?body=1" for 127.0.0.1 at 2014-02-13 14:03:25 -0600


Started GET "/" for 127.0.0.1 at 2014-02-13 14:03:31 -0600
Processing by TenantsController#index as HTML
  [1m[35mTenant Load (0.2ms)[0m  SELECT "tenants".* FROM "tenants" WHERE "tenants"."subdomain" = 'cust1' ORDER BY "tenants"."id" ASC LIMIT 1
  [1m[36mTenant Load (0.2ms)[0m  [1mSELECT "tenants".* FROM "tenants"[0m
  Rendered tenants/index.html.erb within layouts/application (2.9ms)
Completed 200 OK in 21ms (Views: 18.8ms | ActiveRecord: 0.5ms)


Started GET "/" for 127.0.0.1 at 2014-02-13 14:03:31 -0600
Processing by TenantsController#index as HTML
  [1m[35mTenant Load (0.2ms)[0m  SELECT "tenants".* FROM "tenants" WHERE "tenants"."subdomain" = 'cust1' ORDER BY "tenants"."id" ASC LIMIT 1
  [1m[36mTenant Load (0.2ms)[0m  [1mSELECT "tenants".* FROM "tenants"[0m
  Rendered tenants/index.html.erb within layouts/application (3.0ms)
Completed 200 OK in 32ms (Views: 30.0ms | ActiveRecord: 0.4ms)


Started GET "/assets/scaffold.css?body=1" for 127.0.0.1 at 2014-02-13 14:03:31 -0600


Started GET "/assets/tenants.css?body=1" for 127.0.0.1 at 2014-02-13 14:03:31 -0600


Started GET "/assets/tenants.js?body=1" for 127.0.0.1 at 2014-02-13 14:03:31 -0600


Started GET "/assets/application.js?body=1" for 127.0.0.1 at 2014-02-13 14:03:31 -0600


Started GET "/assets/application.css?body=1" for 127.0.0.1 at 2014-02-13 14:03:31 -0600


Started GET "/plutus/accounts" for 127.0.0.1 at 2014-02-13 14:03:32 -0600
Processing by Plutus::AccountsController#index as HTML
  [1m[35mTenant Load (0.2ms)[0m  SELECT "tenants".* FROM "tenants" WHERE "tenants"."subdomain" = 'cust1' ORDER BY "tenants"."id" ASC LIMIT 1
  [1m[36mPlutus::Account Load (0.9ms)[0m  [1mSELECT "plutus_accounts".* FROM "plutus_accounts"[0m
  [1m[35mPlutus::CreditAmount Load (5.3ms)[0m  SELECT "plutus_amounts".* FROM "plutus_amounts" WHERE "plutus_amounts"."tenant_id" = 1 AND "plutus_amounts"."type" IN ('Plutus::CreditAmount') AND "plutus_amounts"."account_id" = ?  [["account_id", 1]]
  [1m[36mPlutus::DebitAmount Load (0.4ms)[0m  [1mSELECT "plutus_amounts".* FROM "plutus_amounts" WHERE "plutus_amounts"."tenant_id" = 1 AND "plutus_amounts"."type" IN ('Plutus::DebitAmount') AND "plutus_amounts"."account_id" = ?[0m  [["account_id", 1]]
  [1m[35mPlutus::CreditAmount Load (0.3ms)[0m  SELECT "plutus_amounts".* FROM "plutus_amounts" WHERE "plutus_amounts"."tenant_id" = 1 AND "plutus_amounts"."type" IN ('Plutus::CreditAmount') AND "plutus_amounts"."account_id" = ?  [["account_id", 2]]
  [1m[36mPlutus::DebitAmount Load (0.3ms)[0m  [1mSELECT "plutus_amounts".* FROM "plutus_amounts" WHERE "plutus_amounts"."tenant_id" = 1 AND "plutus_amounts"."type" IN ('Plutus::DebitAmount') AND "plutus_amounts"."account_id" = ?[0m  [["account_id", 2]]
  [1m[35mPlutus::CreditAmount Load (0.3ms)[0m  SELECT "plutus_amounts".* FROM "plutus_amounts" WHERE "plutus_amounts"."tenant_id" = 1 AND "plutus_amounts"."type" IN ('Plutus::CreditAmount') AND "plutus_amounts"."account_id" = ?  [["account_id", 3]]
  [1m[36mPlutus::DebitAmount Load (0.2ms)[0m  [1mSELECT "plutus_amounts".* FROM "plutus_amounts" WHERE "plutus_amounts"."tenant_id" = 1 AND "plutus_amounts"."type" IN ('Plutus::DebitAmount') AND "plutus_amounts"."account_id" = ?[0m  [["account_id", 3]]
  [1m[35mPlutus::CreditAmount Load (0.3ms)[0m  SELECT "plutus_amounts".* FROM "plutus_amounts" WHERE "plutus_amounts"."tenant_id" = 1 AND "plutus_amounts"."type" IN ('Plutus::CreditAmount') AND "plutus_amounts"."account_id" = ?  [["account_id", 4]]
  [1m[36mPlutus::DebitAmount Load (0.2ms)[0m  [1mSELECT "plutus_amounts".* FROM "plutus_amounts" WHERE "plutus_amounts"."tenant_id" = 1 AND "plutus_amounts"."type" IN ('Plutus::DebitAmount') AND "plutus_amounts"."account_id" = ?[0m  [["account_id", 4]]
  [1m[35mPlutus::CreditAmount Load (0.2ms)[0m  SELECT "plutus_amounts".* FROM "plutus_amounts" WHERE "plutus_amounts"."tenant_id" = 1 AND "plutus_amounts"."type" IN ('Plutus::CreditAmount') AND "plutus_amounts"."account_id" = ?  [["account_id", 5]]
  [1m[36mPlutus::DebitAmount Load (0.2ms)[0m  [1mSELECT "plutus_amounts".* FROM "plutus_amounts" WHERE "plutus_amounts"."tenant_id" = 1 AND "plutus_amounts"."type" IN ('Plutus::DebitAmount') AND "plutus_amounts"."account_id" = ?[0m  [["account_id", 5]]
  Rendered /Users/salex/Work/oplutus/app/views/plutus/accounts/index.html.erb within layouts/application (198.9ms)
Completed 200 OK in 235ms (Views: 201.4ms | ActiveRecord: 9.9ms)


Started GET "/assets/scaffold.css?body=1" for 127.0.0.1 at 2014-02-13 14:03:32 -0600


Started GET "/assets/tenants.css?body=1" for 127.0.0.1 at 2014-02-13 14:03:32 -0600


Started GET "/assets/tenants.js?body=1" for 127.0.0.1 at 2014-02-13 14:03:32 -0600


Started GET "/assets/application.js?body=1" for 127.0.0.1 at 2014-02-13 14:03:32 -0600


Started GET "/assets/application.css?body=1" for 127.0.0.1 at 2014-02-13 14:03:32 -0600


Started GET "/plutus/accounts" for 127.0.0.1 at 2014-02-13 14:03:40 -0600
Processing by Plutus::AccountsController#index as HTML
  [1m[35mTenant Load (0.2ms)[0m  SELECT "tenants".* FROM "tenants" WHERE "tenants"."subdomain" IS NULL ORDER BY "tenants"."id" ASC LIMIT 1
  [1m[36mPlutus::Account Load (0.2ms)[0m  [1mSELECT "plutus_accounts".* FROM "plutus_accounts"[0m
  [1m[35mPlutus::CreditAmount Load (0.3ms)[0m  SELECT "plutus_amounts".* FROM "plutus_amounts" WHERE "plutus_amounts"."tenant_id" IS NULL AND "plutus_amounts"."type" IN ('Plutus::CreditAmount') AND "plutus_amounts"."account_id" = ?  [["account_id", 1]]
  [1m[36mPlutus::DebitAmount Load (0.3ms)[0m  [1mSELECT "plutus_amounts".* FROM "plutus_amounts" WHERE "plutus_amounts"."tenant_id" IS NULL AND "plutus_amounts"."type" IN ('Plutus::DebitAmount') AND "plutus_amounts"."account_id" = ?[0m  [["account_id", 1]]
  [1m[35mPlutus::CreditAmount Load (0.2ms)[0m  SELECT "plutus_amounts".* FROM "plutus_amounts" WHERE "plutus_amounts"."tenant_id" IS NULL AND "plutus_amounts"."type" IN ('Plutus::CreditAmount') AND "plutus_amounts"."account_id" = ?  [["account_id", 2]]
  [1m[36mPlutus::DebitAmount Load (0.2ms)[0m  [1mSELECT "plutus_amounts".* FROM "plutus_amounts" WHERE "plutus_amounts"."tenant_id" IS NULL AND "plutus_amounts"."type" IN ('Plutus::DebitAmount') AND "plutus_amounts"."account_id" = ?[0m  [["account_id", 2]]
  [1m[35mPlutus::CreditAmount Load (0.3ms)[0m  SELECT "plutus_amounts".* FROM "plutus_amounts" WHERE "plutus_amounts"."tenant_id" IS NULL AND "plutus_amounts"."type" IN ('Plutus::CreditAmount') AND "plutus_amounts"."account_id" = ?  [["account_id", 3]]
  [1m[36mPlutus::DebitAmount Load (0.2ms)[0m  [1mSELECT "plutus_amounts".* FROM "plutus_amounts" WHERE "plutus_amounts"."tenant_id" IS NULL AND "plutus_amounts"."type" IN ('Plutus::DebitAmount') AND "plutus_amounts"."account_id" = ?[0m  [["account_id", 3]]
  [1m[35mPlutus::CreditAmount Load (0.2ms)[0m  SELECT "plutus_amounts".* FROM "plutus_amounts" WHERE "plutus_amounts"."tenant_id" IS NULL AND "plutus_amounts"."type" IN ('Plutus::CreditAmount') AND "plutus_amounts"."account_id" = ?  [["account_id", 4]]
  [1m[36mPlutus::DebitAmount Load (0.2ms)[0m  [1mSELECT "plutus_amounts".* FROM "plutus_amounts" WHERE "plutus_amounts"."tenant_id" IS NULL AND "plutus_amounts"."type" IN ('Plutus::DebitAmount') AND "plutus_amounts"."account_id" = ?[0m  [["account_id", 4]]
  [1m[35mPlutus::CreditAmount Load (0.2ms)[0m  SELECT "plutus_amounts".* FROM "plutus_amounts" WHERE "plutus_amounts"."tenant_id" IS NULL AND "plutus_amounts"."type" IN ('Plutus::CreditAmount') AND "plutus_amounts"."account_id" = ?  [["account_id", 5]]
  [1m[36mPlutus::DebitAmount Load (0.2ms)[0m  [1mSELECT "plutus_amounts".* FROM "plutus_amounts" WHERE "plutus_amounts"."tenant_id" IS NULL AND "plutus_amounts"."type" IN ('Plutus::DebitAmount') AND "plutus_amounts"."account_id" = ?[0m  [["account_id", 5]]
  Rendered /Users/salex/Work/oplutus/app/views/plutus/accounts/index.html.erb within layouts/application (23.3ms)
Completed 200 OK in 31ms (Views: 27.3ms | ActiveRecord: 2.5ms)


Started GET "/assets/application.css?body=1" for 127.0.0.1 at 2014-02-13 14:03:40 -0600


Started GET "/assets/tenants.js?body=1" for 127.0.0.1 at 2014-02-13 14:03:40 -0600


Started GET "/assets/tenants.css?body=1" for 127.0.0.1 at 2014-02-13 14:03:40 -0600


Started GET "/assets/scaffold.css?body=1" for 127.0.0.1 at 2014-02-13 14:03:40 -0600


Started GET "/assets/application.js?body=1" for 127.0.0.1 at 2014-02-13 14:03:40 -0600


Started GET "/plutus/accounts" for 127.0.0.1 at 2014-02-13 14:03:41 -0600
Processing by Plutus::AccountsController#index as HTML
  [1m[35mTenant Load (0.2ms)[0m  SELECT "tenants".* FROM "tenants" WHERE "tenants"."subdomain" IS NULL ORDER BY "tenants"."id" ASC LIMIT 1
  [1m[36mPlutus::Account Load (0.2ms)[0m  [1mSELECT "plutus_accounts".* FROM "plutus_accounts"[0m
  [1m[35mPlutus::CreditAmount Load (0.2ms)[0m  SELECT "plutus_amounts".* FROM "plutus_amounts" WHERE "plutus_amounts"."tenant_id" IS NULL AND "plutus_amounts"."type" IN ('Plutus::CreditAmount') AND "plutus_amounts"."account_id" = ?  [["account_id", 1]]
  [1m[36mPlutus::DebitAmount Load (0.2ms)[0m  [1mSELECT "plutus_amounts".* FROM "plutus_amounts" WHERE "plutus_amounts"."tenant_id" IS NULL AND "plutus_amounts"."type" IN ('Plutus::DebitAmount') AND "plutus_amounts"."account_id" = ?[0m  [["account_id", 1]]
  [1m[35mPlutus::CreditAmount Load (0.2ms)[0m  SELECT "plutus_amounts".* FROM "plutus_amounts" WHERE "plutus_amounts"."tenant_id" IS NULL AND "plutus_amounts"."type" IN ('Plutus::CreditAmount') AND "plutus_amounts"."account_id" = ?  [["account_id", 2]]
  [1m[36mPlutus::DebitAmount Load (0.2ms)[0m  [1mSELECT "plutus_amounts".* FROM "plutus_amounts" WHERE "plutus_amounts"."tenant_id" IS NULL AND "plutus_amounts"."type" IN ('Plutus::DebitAmount') AND "plutus_amounts"."account_id" = ?[0m  [["account_id", 2]]
  [1m[35mPlutus::CreditAmount Load (0.2ms)[0m  SELECT "plutus_amounts".* FROM "plutus_amounts" WHERE "plutus_amounts"."tenant_id" IS NULL AND "plutus_amounts"."type" IN ('Plutus::CreditAmount') AND "plutus_amounts"."account_id" = ?  [["account_id", 3]]
  [1m[36mPlutus::DebitAmount Load (0.2ms)[0m  [1mSELECT "plutus_amounts".* FROM "plutus_amounts" WHERE "plutus_amounts"."tenant_id" IS NULL AND "plutus_amounts"."type" IN ('Plutus::DebitAmount') AND "plutus_amounts"."account_id" = ?[0m  [["account_id", 3]]
  [1m[35mPlutus::CreditAmount Load (0.2ms)[0m  SELECT "plutus_amounts".* FROM "plutus_amounts" WHERE "plutus_amounts"."tenant_id" IS NULL AND "plutus_amounts"."type" IN ('Plutus::CreditAmount') AND "plutus_amounts"."account_id" = ?  [["account_id", 4]]
  [1m[36mPlutus::DebitAmount Load (0.2ms)[0m  [1mSELECT "plutus_amounts".* FROM "plutus_amounts" WHERE "plutus_amounts"."tenant_id" IS NULL AND "plutus_amounts"."type" IN ('Plutus::DebitAmount') AND "plutus_amounts"."account_id" = ?[0m  [["account_id", 4]]
  [1m[35mPlutus::CreditAmount Load (0.2ms)[0m  SELECT "plutus_amounts".* FROM "plutus_amounts" WHERE "plutus_amounts"."tenant_id" IS NULL AND "plutus_amounts"."type" IN ('Plutus::CreditAmount') AND "plutus_amounts"."account_id" = ?  [["account_id", 5]]
  [1m[36mPlutus::DebitAmount Load (0.2ms)[0m  [1mSELECT "plutus_amounts".* FROM "plutus_amounts" WHERE "plutus_amounts"."tenant_id" IS NULL AND "plutus_amounts"."type" IN ('Plutus::DebitAmount') AND "plutus_amounts"."account_id" = ?[0m  [["account_id", 5]]
  Rendered /Users/salex/Work/oplutus/app/views/plutus/accounts/index.html.erb within layouts/application (27.1ms)
Completed 200 OK in 38ms (Views: 34.8ms | ActiveRecord: 2.4ms)


Started GET "/assets/scaffold.css?body=1" for 127.0.0.1 at 2014-02-13 14:03:41 -0600


Started GET "/assets/tenants.css?body=1" for 127.0.0.1 at 2014-02-13 14:03:41 -0600


Started GET "/assets/tenants.js?body=1" for 127.0.0.1 at 2014-02-13 14:03:41 -0600


Started GET "/assets/application.css?body=1" for 127.0.0.1 at 2014-02-13 14:03:41 -0600


Started GET "/assets/application.js?body=1" for 127.0.0.1 at 2014-02-13 14:03:41 -0600
